{"meta": {"format": 3, "version": "7.13.5", "timestamp": "2026-04-26T17:20:53.895064", "branch_coverage": false, "show_contexts": false}, "files": {"lionagi/__init__.py": {"executed_lines": [4, 5, 7, 8, 9, 10, 29, 30, 32, 59, 60, 61, 63, 64, 65, 66, 67, 69, 70, 71, 74], "summary": {"covered_lines": 21, "num_statements": 21, "percent_covered": 100.0, "percent_covered_display": "100.00", "missing_lines": 0, "excluded_lines": 15, "percent_statements_covered": 100.0, "percent_statements_covered_display": "100.00"}, "missing_lines": [], "excluded_lines": [12, 13, 15, 16, 17, 18, 19, 20, 21, 22, 23, 24, 25, 26, 27], "functions": {"__getattr__": {"executed_lines": [60, 61, 63, 64, 65, 66, 67, 69, 70, 71], "summary": {"covered_lines": 10, "num_statements": 10, "percent_covered": 100.0, "percent_covered_display": "100.00", "missing_lines": 0, "excluded_lines": 0, "percent_statements_covered": 100.0, "percent_statements_covered_display": "100.00"}, "missing_lines": [], "excluded_lines": [], "start_line": 59}, "": {"executed_lines": [4, 5, 7, 8, 9, 10, 29, 30, 32, 59, 74], "summary": {"covered_lines": 11, "num_statements": 11, "percent_covered": 100.0, "percent_covered_display": "100.00", "missing_lines": 0, "excluded_lines": 15, "percent_statements_covered": 100.0, "percent_statements_covered_display": "100.00"}, "missing_lines": [], "excluded_lines": [12, 13, 15, 16, 17, 18, 19, 20, 21, 22, 23, 24, 25, 26, 27], "start_line": 1}}, "classes": {"": {"executed_lines": [4, 5, 7, 8, 9, 10, 29, 30, 32, 59, 60, 61, 63, 64, 65, 66, 67, 69, 70, 71, 74], "summary": {"covered_lines": 21, "num_statements": 21, "percent_covered": 100.0, "percent_covered_display": "100.00", "missing_lines": 0, "excluded_lines": 15, "percent_statements_covered": 100.0, "percent_statements_covered_display": "100.00"}, "missing_lines": [], "excluded_lines": [12, 13, 15, 16, 17, 18, 19, 20, 21, 22, 23, 24, 25, 26, 27], "start_line": 1}}}, "lionagi/_class_registry.py": {"executed_lines": [4, 5, 6, 7, 9, 10, 11, 13, 19, 25, 26, 27, 29, 31, 32, 33, 34, 36, 39, 40, 41, 42, 43, 44, 45, 46, 47, 50, 51, 52, 54, 57, 58, 59, 60, 61, 71, 97, 98, 100, 101, 102, 104, 105], "summary": {"covered_lines": 44, "num_statements": 50, "percent_covered": 88.0, "percent_covered_display": "88.00", "missing_lines": 6, "excluded_lines": 0, "percent_statements_covered": 88.0, "percent_statements_covered_display": "88.00"}, "missing_lines": [63, 64, 65, 66, 68, 103], "excluded_lines": [], "functions": {"get_file_classes": {"executed_lines": [26, 27, 29, 31, 32, 33, 34, 36], "summary": {"covered_lines": 8, "num_statements": 8, "percent_covered": 100.0, "percent_covered_display": "100.00", "missing_lines": 0, "excluded_lines": 0, "percent_statements_covered": 100.0, "percent_statements_covered_display": "100.00"}, "missing_lines": [], "excluded_lines": [], "start_line": 25}, "get_class_file_registry": {"executed_lines": [40, 41, 42, 43, 44, 45, 46, 47], "summary": {"covered_lines": 8, "num_statements": 8, "percent_covered": 100.0, "percent_covered_display": "100.00", "missing_lines": 0, "excluded_lines": 0, "percent_statements_covered": 100.0, "percent_statements_covered_display": "100.00"}, "missing_lines": [], "excluded_lines": [], "start_line": 39}, "get_class_objects": {"executed_lines": [58, 59, 60, 61], "summary": {"covered_lines": 4, "num_statements": 9, "percent_covered": 44.44444444444444, "percent_covered_display": "44.44", "missing_lines": 5, "excluded_lines": 0, "percent_statements_covered": 44.44444444444444, "percent_statements_covered_display": "44.44"}, "missing_lines": [63, 64, 65, 66, 68], "excluded_lines": [], "start_line": 57}, "get_class": {"executed_lines": [97, 98, 100, 101, 102, 104, 105], "summary": {"covered_lines": 7, "num_statements": 8, "percent_covered": 87.5, "percent_covered_display": "87.50", "missing_lines": 1, "excluded_lines": 0, "percent_statements_covered": 87.5, "percent_statements_covered_display": "87.50"}, "missing_lines": [103], "excluded_lines": [], "start_line": 71}, "": {"executed_lines": [4, 5, 6, 7, 9, 10, 11, 13, 19, 25, 39, 50, 51, 52, 54, 57, 71], "summary": {"covered_lines": 17, "num_statements": 17, "percent_covered": 100.0, "percent_covered_display": "100.00", "missing_lines": 0, "excluded_lines": 0, "percent_statements_covered": 100.0, "percent_statements_covered_display": "100.00"}, "missing_lines": [], "excluded_lines": [], "start_line": 1}}, "classes": {"": {"executed_lines": [4, 5, 6, 7, 9, 10, 11, 13, 19, 25, 26, 27, 29, 31, 32, 33, 34, 36, 39, 40, 41, 42, 43, 44, 45, 46, 47, 50, 51, 52, 54, 57, 58, 59, 60, 61, 71, 97, 98, 100, 101, 102, 104, 105], "summary": {"covered_lines": 44, "num_statements": 50, "percent_covered": 88.0, "percent_covered_display": "88.00", "missing_lines": 6, "excluded_lines": 0, "percent_statements_covered": 88.0, "percent_statements_covered_display": "88.00"}, "missing_lines": [63, 64, 65, 66, 68, 103], "excluded_lines": [], "start_line": 1}}}, "lionagi/_errors.py": {"executed_lines": [4, 6, 8, 27, 28, 29, 30, 32, 40, 41, 42, 43, 44, 45, 47, 48, 54, 55, 56, 58, 60, 62, 63, 73, 79, 82, 85, 86, 87, 90, 93, 94, 95, 98, 101, 102, 103, 106, 109, 110, 111, 114, 117, 118, 119, 122, 123, 124, 125, 127, 128, 129, 132, 136, 140, 144, 147, 148, 149, 152, 155, 156, 157, 160, 163, 164, 165, 168, 169], "summary": {"covered_lines": 69, "num_statements": 69, "percent_covered": 100.0, "percent_covered_display": "100.00", "missing_lines": 0, "excluded_lines": 3, "percent_statements_covered": 100.0, "percent_statements_covered_display": "100.00"}, "missing_lines": [], "excluded_lines": [133, 137, 141], "functions": {"LionError.__init__": {"executed_lines": [40, 41, 42, 43, 44, 45], "summary": {"covered_lines": 6, "num_statements": 6, "percent_covered": 100.0, "percent_covered_display": "100.00", "missing_lines": 0, "excluded_lines": 0, "percent_statements_covered": 100.0, "percent_statements_covered_display": "100.00"}, "missing_lines": [], "excluded_lines": [], "start_line": 32}, "LionError.to_dict": {"executed_lines": [48, 54, 55, 56], "summary": {"covered_lines": 4, "num_statements": 4, "percent_covered": 100.0, "percent_covered_display": "100.00", "missing_lines": 0, "excluded_lines": 0, "percent_statements_covered": 100.0, "percent_statements_covered_display": "100.00"}, "missing_lines": [], "excluded_lines": [], "start_line": 47}, "LionError.get_cause": {"executed_lines": [60], "summary": {"covered_lines": 1, "num_statements": 1, "percent_covered": 100.0, "percent_covered_display": "100.00", "missing_lines": 0, "excluded_lines": 0, "percent_statements_covered": 100.0, "percent_statements_covered_display": "100.00"}, "missing_lines": [], "excluded_lines": [], "start_line": 58}, "LionError.from_value": {"executed_lines": [73, 79], "summary": {"covered_lines": 2, "num_statements": 2, "percent_covered": 100.0, "percent_covered_display": "100.00", "missing_lines": 0, "excluded_lines": 0, "percent_statements_covered": 100.0, "percent_statements_covered_display": "100.00"}, "missing_lines": [], "excluded_lines": [], "start_line": 63}, "RateLimitError.__init__": {"executed_lines": [128, 129], "summary": {"covered_lines": 2, "num_statements": 2, "percent_covered": 100.0, "percent_covered_display": "100.00", "missing_lines": 0, "excluded_lines": 0, "percent_statements_covered": 100.0, "percent_statements_covered_display": "100.00"}, "missing_lines": [], "excluded_lines": [], "start_line": 127}, "": {"executed_lines": [4, 6, 8, 27, 28, 29, 30, 32, 47, 58, 62, 63, 82, 85, 86, 87, 90, 93, 94, 95, 98, 101, 102, 103, 106, 109, 110, 111, 114, 117, 118, 119, 122, 123, 124, 125, 127, 132, 136, 140, 144, 147, 148, 149, 152, 155, 156, 157, 160, 163, 164, 165, 168, 169], "summary": {"covered_lines": 54, "num_statements": 54, "percent_covered": 100.0, "percent_covered_display": "100.00", "missing_lines": 0, "excluded_lines": 3, "percent_statements_covered": 100.0, "percent_statements_covered_display": "100.00"}, "missing_lines": [], "excluded_lines": [133, 137, 141], "start_line": 1}}, "classes": {"LionError": {"executed_lines": [40, 41, 42, 43, 44, 45, 48, 54, 55, 56, 60, 73, 79], "summary": {"covered_lines": 13, "num_statements": 13, "percent_covered": 100.0, "percent_covered_display": "100.00", "missing_lines": 0, "excluded_lines": 0, "percent_statements_covered": 100.0, "percent_statements_covered_display": "100.00"}, "missing_lines": [], "excluded_lines": [], "start_line": 27}, "ValidationError": {"executed_lines": [], "summary": {"covered_lines": 0, "num_statements": 0, "percent_covered": 100.0, "percent_covered_display": "100.00", "missing_lines": 0, "excluded_lines": 0, "percent_statements_covered": 100.0, "percent_statements_covered_display": "100.00"}, "missing_lines": [], "excluded_lines": [], "start_line": 82}, "NotFoundError": {"executed_lines": [], "summary": {"covered_lines": 0, "num_statements": 0, "percent_covered": 100.0, "percent_covered_display": "100.00", "missing_lines": 0, "excluded_lines": 0, "percent_statements_covered": 100.0, "percent_statements_covered_display": "100.00"}, "missing_lines": [], "excluded_lines": [], "start_line": 90}, "ExistsError": {"executed_lines": [], "summary": {"covered_lines": 0, "num_statements": 0, "percent_covered": 100.0, "percent_covered_display": "100.00", "missing_lines": 0, "excluded_lines": 0, "percent_statements_covered": 100.0, "percent_statements_covered_display": "100.00"}, "missing_lines": [], "excluded_lines": [], "start_line": 98}, "ObservationError": {"executed_lines": [], "summary": {"covered_lines": 0, "num_statements": 0, "percent_covered": 100.0, "percent_covered_display": "100.00", "missing_lines": 0, "excluded_lines": 0, "percent_statements_covered": 100.0, "percent_statements_covered_display": "100.00"}, "missing_lines": [], "excluded_lines": [], "start_line": 106}, "ResourceError": {"executed_lines": [], "summary": {"covered_lines": 0, "num_statements": 0, "percent_covered": 100.0, "percent_covered_display": "100.00", "missing_lines": 0, "excluded_lines": 0, "percent_statements_covered": 100.0, "percent_statements_covered_display": "100.00"}, "missing_lines": [], "excluded_lines": [], "start_line": 114}, "RateLimitError": {"executed_lines": [128, 129], "summary": {"covered_lines": 2, "num_statements": 2, "percent_covered": 100.0, "percent_covered_display": "100.00", "missing_lines": 0, "excluded_lines": 0, "percent_statements_covered": 100.0, "percent_statements_covered_display": "100.00"}, "missing_lines": [], "excluded_lines": [], "start_line": 122}, "RelationError": {"executed_lines": [], "summary": {"covered_lines": 0, "num_statements": 0, "percent_covered": 100.0, "percent_covered_display": "100.00", "missing_lines": 0, "excluded_lines": 0, "percent_statements_covered": 100.0, "percent_statements_covered_display": "100.00"}, "missing_lines": [], "excluded_lines": [], "start_line": 132}, "OperationError": {"executed_lines": [], "summary": {"covered_lines": 0, "num_statements": 0, "percent_covered": 100.0, "percent_covered_display": "100.00", "missing_lines": 0, "excluded_lines": 0, "percent_statements_covered": 100.0, "percent_statements_covered_display": "100.00"}, "missing_lines": [], "excluded_lines": [], "start_line": 136}, "ExecutionError": {"executed_lines": [], "summary": {"covered_lines": 0, "num_statements": 0, "percent_covered": 100.0, "percent_covered_display": "100.00", "missing_lines": 0, "excluded_lines": 0, "percent_statements_covered": 100.0, "percent_statements_covered_display": "100.00"}, "missing_lines": [], "excluded_lines": [], "start_line": 140}, "AccessError": {"executed_lines": [], "summary": {"covered_lines": 0, "num_statements": 0, "percent_covered": 100.0, "percent_covered_display": "100.00", "missing_lines": 0, "excluded_lines": 0, "percent_statements_covered": 100.0, "percent_statements_covered_display": "100.00"}, "missing_lines": [], "excluded_lines": [], "start_line": 144}, "ConfigurationError": {"executed_lines": [], "summary": {"covered_lines": 0, "num_statements": 0, "percent_covered": 100.0, "percent_covered_display": "100.00", "missing_lines": 0, "excluded_lines": 0, "percent_statements_covered": 100.0, "percent_statements_covered_display": "100.00"}, "missing_lines": [], "excluded_lines": [], "start_line": 152}, "TimeoutError": {"executed_lines": [], "summary": {"covered_lines": 0, "num_statements": 0, "percent_covered": 100.0, "percent_covered_display": "100.00", "missing_lines": 0, "excluded_lines": 0, "percent_statements_covered": 100.0, "percent_statements_covered_display": "100.00"}, "missing_lines": [], "excluded_lines": [], "start_line": 160}, "": {"executed_lines": [4, 6, 8, 27, 28, 29, 30, 32, 47, 58, 62, 63, 82, 85, 86, 87, 90, 93, 94, 95, 98, 101, 102, 103, 106, 109, 110, 111, 114, 117, 118, 119, 122, 123, 124, 125, 127, 132, 136, 140, 144, 147, 148, 149, 152, 155, 156, 157, 160, 163, 164, 165, 168, 169], "summary": {"covered_lines": 54, "num_statements": 54, "percent_covered": 100.0, "percent_covered_display": "100.00", "missing_lines": 0, "excluded_lines": 3, "percent_statements_covered": 100.0, "percent_statements_covered_display": "100.00"}, "missing_lines": [], "excluded_lines": [133, 137, 141], "start_line": 1}}}, "lionagi/adapters/__init__.py": {"executed_lines": [], "summary": {"covered_lines": 0, "num_statements": 0, "percent_covered": 100.0, "percent_covered_display": "100.00", "missing_lines": 0, "excluded_lines": 0, "percent_statements_covered": 100.0, "percent_statements_covered_display": "100.00"}, "missing_lines": [], "excluded_lines": [], "functions": {"": {"executed_lines": [], "summary": {"covered_lines": 0, "num_statements": 0, "percent_covered": 100.0, "percent_covered_display": "100.00", "missing_lines": 0, "excluded_lines": 0, "percent_statements_covered": 100.0, "percent_statements_covered_display": "100.00"}, "missing_lines": [], "excluded_lines": [], "start_line": 1}}, "classes": {"": {"executed_lines": [], "summary": {"covered_lines": 0, "num_statements": 0, "percent_covered": 100.0, "percent_covered_display": "100.00", "missing_lines": 0, "excluded_lines": 0, "percent_statements_covered": 100.0, "percent_statements_covered_display": "100.00"}, "missing_lines": [], "excluded_lines": [], "start_line": 1}}}, "lionagi/adapters/_utils.py": {"executed_lines": [1, 2, 4, 5, 6, 7, 8, 9, 10], "summary": {"covered_lines": 9, "num_statements": 9, "percent_covered": 100.0, "percent_covered_display": "100.00", "missing_lines": 0, "excluded_lines": 0, "percent_statements_covered": 100.0, "percent_statements_covered_display": "100.00"}, "missing_lines": [], "excluded_lines": [], "functions": {"check_async_postgres_available": {"executed_lines": [2, 4, 5, 6, 7, 8, 9, 10], "summary": {"covered_lines": 8, "num_statements": 8, "percent_covered": 100.0, "percent_covered_display": "100.00", "missing_lines": 0, "excluded_lines": 0, "percent_statements_covered": 100.0, "percent_statements_covered_display": "100.00"}, "missing_lines": [], "excluded_lines": [], "start_line": 1}, "": {"executed_lines": [1], "summary": {"covered_lines": 1, "num_statements": 1, "percent_covered": 100.0, "percent_covered_display": "100.00", "missing_lines": 0, "excluded_lines": 0, "percent_statements_covered": 100.0, "percent_statements_covered_display": "100.00"}, "missing_lines": [], "excluded_lines": [], "start_line": 1}}, "classes": {"": {"executed_lines": [1, 2, 4, 5, 6, 7, 8, 9, 10], "summary": {"covered_lines": 9, "num_statements": 9, "percent_covered": 100.0, "percent_covered_display": "100.00", "missing_lines": 0, "excluded_lines": 0, "percent_statements_covered": 100.0, "percent_statements_covered_display": "100.00"}, "missing_lines": [], "excluded_lines": [], "start_line": 1}}}, "lionagi/adapters/async_postgres_adapter.py": {"executed_lines": [4, 6, 8, 10, 13, 14, 16, 26, 28, 29, 40, 41, 42, 46, 48, 49, 87, 90, 92], "summary": {"covered_lines": 19, "num_statements": 35, "percent_covered": 54.285714285714285, "percent_covered_display": "54.29", "missing_lines": 16, "excluded_lines": 0, "percent_statements_covered": 54.285714285714285, "percent_statements_covered_display": "54.29"}, "missing_lines": [43, 44, 51, 52, 54, 55, 56, 57, 59, 61, 62, 64, 65, 72, 84, 85], "excluded_lines": [], "functions": {"create_lionagi_async_postgres_adapter": {"executed_lines": [14, 16, 26, 28, 29, 48, 49, 87], "summary": {"covered_lines": 8, "num_statements": 8, "percent_covered": 100.0, "percent_covered_display": "100.00", "missing_lines": 0, "excluded_lines": 0, "percent_statements_covered": 100.0, "percent_statements_covered_display": "100.00"}, "missing_lines": [], "excluded_lines": [], "start_line": 13}, "create_lionagi_async_postgres_adapter.LionAGIAsyncPostgresAdapter.to_obj": {"executed_lines": [40, 41, 42, 46], "summary": {"covered_lines": 4, "num_statements": 6, "percent_covered": 66.66666666666667, "percent_covered_display": "66.67", "missing_lines": 2, "excluded_lines": 0, "percent_statements_covered": 66.66666666666667, "percent_statements_covered_display": "66.67"}, "missing_lines": [43, 44], "excluded_lines": [], "start_line": 29}, "create_lionagi_async_postgres_adapter.LionAGIAsyncPostgresAdapter._ensure_table": {"executed_lines": [], "summary": {"covered_lines": 0, "num_statements": 14, "percent_covered": 0.0, "percent_covered_display": "0.00", "missing_lines": 14, "excluded_lines": 0, "percent_statements_covered": 0.0, "percent_statements_covered_display": "0.00"}, "missing_lines": [51, 52, 54, 55, 56, 57, 59, 61, 62, 64, 65, 72, 84, 85], "excluded_lines": [], "start_line": 49}, "": {"executed_lines": [4, 6, 8, 10, 13, 90, 92], "summary": {"covered_lines": 7, "num_statements": 7, "percent_covered": 100.0, "percent_covered_display": "100.00", "missing_lines": 0, "excluded_lines": 0, "percent_statements_covered": 100.0, "percent_statements_covered_display": "100.00"}, "missing_lines": [], "excluded_lines": [], "start_line": 1}}, "classes": {"create_lionagi_async_postgres_adapter.LionAGIAsyncPostgresAdapter": {"executed_lines": [40, 41, 42, 46], "summary": {"covered_lines": 4, "num_statements": 20, "percent_covered": 20.0, "percent_covered_display": "20.00", "missing_lines": 16, "excluded_lines": 0, "percent_statements_covered": 20.0, "percent_statements_covered_display": "20.00"}, "missing_lines": [43, 44, 51, 52, 54, 55, 56, 57, 59, 61, 62, 64, 65, 72, 84, 85], "excluded_lines": [], "start_line": 16}, "": {"executed_lines": [4, 6, 8, 10, 13, 14, 16, 26, 28, 29, 48, 49, 87, 90, 92], "summary": {"covered_lines": 15, "num_statements": 15, "percent_covered": 100.0, "percent_covered_display": "100.00", "missing_lines": 0, "excluded_lines": 0, "percent_statements_covered": 100.0, "percent_statements_covered_display": "100.00"}, "missing_lines": [], "excluded_lines": [], "start_line": 1}}}, "lionagi/adapters/spec_adapters/__init__.py": {"executed_lines": [3, 4, 6], "summary": {"covered_lines": 3, "num_statements": 3, "percent_covered": 100.0, "percent_covered_display": "100.00", "missing_lines": 0, "excluded_lines": 0, "percent_statements_covered": 100.0, "percent_statements_covered_display": "100.00"}, "missing_lines": [], "excluded_lines": [], "functions": {"": {"executed_lines": [3, 4, 6], "summary": {"covered_lines": 3, "num_statements": 3, "percent_covered": 100.0, "percent_covered_display": "100.00", "missing_lines": 0, "excluded_lines": 0, "percent_statements_covered": 100.0, "percent_statements_covered_display": "100.00"}, "missing_lines": [], "excluded_lines": [], "start_line": 1}}, "classes": {"": {"executed_lines": [3, 4, 6], "summary": {"covered_lines": 3, "num_statements": 3, "percent_covered": 100.0, "percent_covered_display": "100.00", "missing_lines": 0, "excluded_lines": 0, "percent_statements_covered": 100.0, "percent_statements_covered_display": "100.00"}, "missing_lines": [], "excluded_lines": [], "start_line": 1}}}, "lionagi/adapters/spec_adapters/_protocol.py": {"executed_lines": [7, 8, 13, 16, 112, 113, 126, 127, 137, 139, 142, 145, 167, 168, 188, 190, 193, 196, 198, 200, 206, 208, 210, 211, 227, 230, 231, 234], "summary": {"covered_lines": 28, "num_statements": 31, "percent_covered": 90.3225806451613, "percent_covered_display": "90.32", "missing_lines": 3, "excluded_lines": 95, "percent_statements_covered": 90.3225806451613, "percent_statements_covered_display": "90.32"}, "missing_lines": [122, 143, 207], "excluded_lines": [10, 11, 34, 35, 36, 37, 38, 39, 40, 41, 42, 43, 44, 45, 47, 48, 49, 50, 51, 52, 53, 54, 55, 56, 57, 58, 59, 60, 61, 62, 63, 64, 65, 66, 67, 68, 69, 71, 72, 73, 74, 75, 76, 77, 78, 79, 80, 81, 82, 83, 84, 85, 86, 87, 88, 89, 90, 92, 93, 94, 95, 96, 97, 98, 99, 100, 101, 102, 103, 104, 105, 106, 107, 108, 109, 110, 147, 148, 149, 150, 151, 152, 153, 154, 155, 156, 157, 158, 159, 160, 161, 162, 163, 164, 165], "functions": {"SpecAdapter.create_field": {"executed_lines": [], "summary": {"covered_lines": 0, "num_statements": 0, "percent_covered": 100.0, "percent_covered_display": "100.00", "missing_lines": 0, "excluded_lines": 9, "percent_statements_covered": 100.0, "percent_statements_covered_display": "100.00"}, "missing_lines": [], "excluded_lines": [37, 38, 39, 40, 41, 42, 43, 44, 45], "start_line": 36}, "SpecAdapter.create_model": {"executed_lines": [], "summary": {"covered_lines": 0, "num_statements": 0, "percent_covered": 100.0, "percent_covered_display": "100.00", "missing_lines": 0, "excluded_lines": 13, "percent_statements_covered": 100.0, "percent_statements_covered_display": "100.00"}, "missing_lines": [], "excluded_lines": [57, 58, 59, 60, 61, 62, 63, 64, 65, 66, 67, 68, 69], "start_line": 49}, "SpecAdapter.validate_model": {"executed_lines": [], "summary": {"covered_lines": 0, "num_statements": 0, "percent_covered": 100.0, "percent_covered_display": "100.00", "missing_lines": 0, "excluded_lines": 17, "percent_statements_covered": 100.0, "percent_statements_covered_display": "100.00"}, "missing_lines": [], "excluded_lines": [74, 75, 76, 77, 78, 79, 80, 81, 82, 83, 84, 85, 86, 87, 88, 89, 90], "start_line": 73}, "SpecAdapter.dump_model": {"executed_lines": [], "summary": {"covered_lines": 0, "num_statements": 0, "percent_covered": 100.0, "percent_covered_display": "100.00", "missing_lines": 0, "excluded_lines": 16, "percent_statements_covered": 100.0, "percent_statements_covered_display": "100.00"}, "missing_lines": [], "excluded_lines": [95, 96, 97, 98, 99, 100, 101, 102, 103, 104, 105, 106, 107, 108, 109, 110], "start_line": 94}, "SpecAdapter.create_validator": {"executed_lines": [], "summary": {"covered_lines": 0, "num_statements": 1, "percent_covered": 0.0, "percent_covered_display": "0.00", "missing_lines": 1, "excluded_lines": 0, "percent_statements_covered": 0.0, "percent_statements_covered_display": "0.00"}, "missing_lines": [122], "excluded_lines": [], "start_line": 113}, "SpecAdapter.parse_json": {"executed_lines": [137, 139, 142, 145], "summary": {"covered_lines": 4, "num_statements": 5, "percent_covered": 80.0, "percent_covered_display": "80.00", "missing_lines": 1, "excluded_lines": 0, "percent_statements_covered": 80.0, "percent_statements_covered_display": "80.00"}, "missing_lines": [143], "excluded_lines": [], "start_line": 127}, "SpecAdapter.fuzzy_match_fields": {"executed_lines": [], "summary": {"covered_lines": 0, "num_statements": 0, "percent_covered": 100.0, "percent_covered_display": "100.00", "missing_lines": 0, "excluded_lines": 14, "percent_statements_covered": 100.0, "percent_statements_covered_display": "100.00"}, "missing_lines": [], "excluded_lines": [152, 153, 154, 155, 156, 157, 158, 159, 160, 161, 162, 163, 164, 165], "start_line": 149}, "SpecAdapter.validate_response": {"executed_lines": [188, 190, 193, 196, 198, 200, 206, 208], "summary": {"covered_lines": 8, "num_statements": 9, "percent_covered": 88.88888888888889, "percent_covered_display": "88.89", "missing_lines": 1, "excluded_lines": 0, "percent_statements_covered": 88.88888888888889, "percent_statements_covered_display": "88.89"}, "missing_lines": [207], "excluded_lines": [], "start_line": 168}, "SpecAdapter.update_model": {"executed_lines": [227, 230, 231, 234], "summary": {"covered_lines": 4, "num_statements": 4, "percent_covered": 100.0, "percent_covered_display": "100.00", "missing_lines": 0, "excluded_lines": 0, "percent_statements_covered": 100.0, "percent_statements_covered_display": "100.00"}, "missing_lines": [], "excluded_lines": [], "start_line": 211}, "": {"executed_lines": [7, 8, 13, 16, 112, 113, 126, 127, 167, 168, 210, 211], "summary": {"covered_lines": 12, "num_statements": 12, "percent_covered": 100.0, "percent_covered_display": "100.00", "missing_lines": 0, "excluded_lines": 26, "percent_statements_covered": 100.0, "percent_statements_covered_display": "100.00"}, "missing_lines": [], "excluded_lines": [10, 11, 34, 35, 36, 47, 48, 49, 50, 51, 52, 53, 54, 55, 56, 71, 72, 73, 92, 93, 94, 147, 148, 149, 150, 151], "start_line": 1}}, "classes": {"SpecAdapter": {"executed_lines": [137, 139, 142, 145, 188, 190, 193, 196, 198, 200, 206, 208, 227, 230, 231, 234], "summary": {"covered_lines": 16, "num_statements": 19, "percent_covered": 84.21052631578948, "percent_covered_display": "84.21", "missing_lines": 3, "excluded_lines": 69, "percent_statements_covered": 84.21052631578948, "percent_statements_covered_display": "84.21"}, "missing_lines": [122, 143, 207], "excluded_lines": [37, 38, 39, 40, 41, 42, 43, 44, 45, 57, 58, 59, 60, 61, 62, 63, 64, 65, 66, 67, 68, 69, 74, 75, 76, 77, 78, 79, 80, 81, 82, 83, 84, 85, 86, 87, 88, 89, 90, 95, 96, 97, 98, 99, 100, 101, 102, 103, 104, 105, 106, 107, 108, 109, 110, 152, 153, 154, 155, 156, 157, 158, 159, 160, 161, 162, 163, 164, 165], "start_line": 16}, "": {"executed_lines": [7, 8, 13, 16, 112, 113, 126, 127, 167, 168, 210, 211], "summary": {"covered_lines": 12, "num_statements": 12, "percent_covered": 100.0, "percent_covered_display": "100.00", "missing_lines": 0, "excluded_lines": 26, "percent_statements_covered": 100.0, "percent_statements_covered_display": "100.00"}, "missing_lines": [], "excluded_lines": [10, 11, 34, 35, 36, 47, 48, 49, 50, 51, 52, 53, 54, 55, 56, 71, 72, 73, 92, 93, 94, 147, 148, 149, 150, 151], "start_line": 1}}}, "lionagi/adapters/spec_adapters/pydantic_field.py": {"executed_lines": [3, 4, 6, 8, 17, 18, 20, 22, 24, 25, 26, 29, 32, 33, 35, 38, 41, 43, 44, 45, 47, 48, 50, 51, 53, 54, 56, 57, 62, 64, 67, 68, 69, 72, 77, 79, 80, 82, 84, 85, 87, 88, 89, 91, 93, 94, 96, 97, 107, 109, 110, 113, 114, 115, 116, 117, 118, 120, 128, 129, 130, 131, 133, 135, 136, 138, 139, 152, 153, 155, 157, 162, 164, 165, 167, 169, 170, 172], "summary": {"covered_lines": 78, "num_statements": 78, "percent_covered": 100.0, "percent_covered_display": "100.00", "missing_lines": 0, "excluded_lines": 6, "percent_statements_covered": 100.0, "percent_statements_covered_display": "100.00"}, "missing_lines": [], "excluded_lines": [10, 11, 12, 14, 58, 59], "functions": {"_get_pydantic_field_params": {"executed_lines": [20, 22, 24, 25, 26], "summary": {"covered_lines": 5, "num_statements": 5, "percent_covered": 100.0, "percent_covered_display": "100.00", "missing_lines": 0, "excluded_lines": 0, "percent_statements_covered": 100.0, "percent_statements_covered_display": "100.00"}, "missing_lines": [], "excluded_lines": [], "start_line": 18}, "PydanticSpecAdapter.create_field": {"executed_lines": [35, 38, 41, 43, 44, 45, 47, 48, 50, 51, 53, 54, 56, 57, 62, 64, 67, 68, 69, 72, 77, 79, 80, 82], "summary": {"covered_lines": 24, "num_statements": 24, "percent_covered": 100.0, "percent_covered_display": "100.00", "missing_lines": 0, "excluded_lines": 2, "percent_statements_covered": 100.0, "percent_statements_covered_display": "100.00"}, "missing_lines": [], "excluded_lines": [58, 59], "start_line": 33}, "PydanticSpecAdapter.create_validator": {"executed_lines": [87, 88, 89, 91, 93, 94], "summary": {"covered_lines": 6, "num_statements": 6, "percent_covered": 100.0, "percent_covered_display": "100.00", "missing_lines": 0, "excluded_lines": 0, "percent_statements_covered": 100.0, "percent_statements_covered_display": "100.00"}, "missing_lines": [], "excluded_lines": [], "start_line": 85}, "PydanticSpecAdapter.create_model": {"executed_lines": [107, 109, 110, 113, 114, 115, 116, 117, 118, 120, 128, 129, 130, 131, 133, 135, 136], "summary": {"covered_lines": 17, "num_statements": 17, "percent_covered": 100.0, "percent_covered_display": "100.00", "missing_lines": 0, "excluded_lines": 0, "percent_statements_covered": 100.0, "percent_statements_covered_display": "100.00"}, "missing_lines": [], "excluded_lines": [], "start_line": 97}, "PydanticSpecAdapter.fuzzy_match_fields": {"executed_lines": [152, 153, 155, 157, 162], "summary": {"covered_lines": 5, "num_statements": 5, "percent_covered": 100.0, "percent_covered_display": "100.00", "missing_lines": 0, "excluded_lines": 0, "percent_statements_covered": 100.0, "percent_statements_covered_display": "100.00"}, "missing_lines": [], "excluded_lines": [], "start_line": 139}, "PydanticSpecAdapter.validate_model": {"executed_lines": [167], "summary": {"covered_lines": 1, "num_statements": 1, "percent_covered": 100.0, "percent_covered_display": "100.00", "missing_lines": 0, "excluded_lines": 0, "percent_statements_covered": 100.0, "percent_statements_covered_display": "100.00"}, "missing_lines": [], "excluded_lines": [], "start_line": 165}, "PydanticSpecAdapter.dump_model": {"executed_lines": [172], "summary": {"covered_lines": 1, "num_statements": 1, "percent_covered": 100.0, "percent_covered_display": "100.00", "missing_lines": 0, "excluded_lines": 0, "percent_statements_covered": 100.0, "percent_statements_covered_display": "100.00"}, "missing_lines": [], "excluded_lines": [], "start_line": 170}, "": {"executed_lines": [3, 4, 6, 8, 17, 18, 29, 32, 33, 84, 85, 96, 97, 138, 139, 164, 165, 169, 170], "summary": {"covered_lines": 19, "num_statements": 19, "percent_covered": 100.0, "percent_covered_display": "100.00", "missing_lines": 0, "excluded_lines": 4, "percent_statements_covered": 100.0, "percent_statements_covered_display": "100.00"}, "missing_lines": [], "excluded_lines": [10, 11, 12, 14], "start_line": 1}}, "classes": {"PydanticSpecAdapter": {"executed_lines": [35, 38, 41, 43, 44, 45, 47, 48, 50, 51, 53, 54, 56, 57, 62, 64, 67, 68, 69, 72, 77, 79, 80, 82, 87, 88, 89, 91, 93, 94, 107, 109, 110, 113, 114, 115, 116, 117, 118, 120, 128, 129, 130, 131, 133, 135, 136, 152, 153, 155, 157, 162, 167, 172], "summary": {"covered_lines": 54, "num_statements": 54, "percent_covered": 100.0, "percent_covered_display": "100.00", "missing_lines": 0, "excluded_lines": 2, "percent_statements_covered": 100.0, "percent_statements_covered_display": "100.00"}, "missing_lines": [], "excluded_lines": [58, 59], "start_line": 29}, "": {"executed_lines": [3, 4, 6, 8, 17, 18, 20, 22, 24, 25, 26, 29, 32, 33, 84, 85, 96, 97, 138, 139, 164, 165, 169, 170], "summary": {"covered_lines": 24, "num_statements": 24, "percent_covered": 100.0, "percent_covered_display": "100.00", "missing_lines": 0, "excluded_lines": 4, "percent_statements_covered": 100.0, "percent_statements_covered_display": "100.00"}, "missing_lines": [], "excluded_lines": [10, 11, 12, 14], "start_line": 1}}}, "lionagi/agent/__init__.py": {"executed_lines": [4, 5, 6, 7, 9], "summary": {"covered_lines": 5, "num_statements": 5, "percent_covered": 100.0, "percent_covered_display": "100.00", "missing_lines": 0, "excluded_lines": 0, "percent_statements_covered": 100.0, "percent_statements_covered_display": "100.00"}, "missing_lines": [], "excluded_lines": [], "functions": {"": {"executed_lines": [4, 5, 6, 7, 9], "summary": {"covered_lines": 5, "num_statements": 5, "percent_covered": 100.0, "percent_covered_display": "100.00", "missing_lines": 0, "excluded_lines": 0, "percent_statements_covered": 100.0, "percent_statements_covered_display": "100.00"}, "missing_lines": [], "excluded_lines": [], "start_line": 1}}, "classes": {"": {"executed_lines": [4, 5, 6, 7, 9], "summary": {"covered_lines": 5, "num_statements": 5, "percent_covered": 100.0, "percent_covered_display": "100.00", "missing_lines": 0, "excluded_lines": 0, "percent_statements_covered": 100.0, "percent_statements_covered_display": "100.00"}, "missing_lines": [], "excluded_lines": [], "start_line": 1}}}, "lionagi/agent/config.py": {"executed_lines": [4, 6, 7, 8, 9, 11, 14, 15, 42, 43, 44, 45, 46, 47, 48, 49, 50, 51, 52, 53, 54, 55, 57, 58, 59, 61, 62, 63, 65, 66, 67, 69, 70, 80, 90, 91, 106, 107, 108, 110, 138, 140, 150, 151, 152, 154, 155, 158], "summary": {"covered_lines": 48, "num_statements": 49, "percent_covered": 97.95918367346938, "percent_covered_display": "97.96", "missing_lines": 1, "excluded_lines": 0, "percent_statements_covered": 97.95918367346938, "percent_statements_covered_display": "97.96"}, "missing_lines": [153], "excluded_lines": [], "functions": {"AgentConfig.pre": {"executed_lines": [58, 59], "summary": {"covered_lines": 2, "num_statements": 2, "percent_covered": 100.0, "percent_covered_display": "100.00", "missing_lines": 0, "excluded_lines": 0, "percent_statements_covered": 100.0, "percent_statements_covered_display": "100.00"}, "missing_lines": [], "excluded_lines": [], "start_line": 57}, "AgentConfig.post": {"executed_lines": [62, 63], "summary": {"covered_lines": 2, "num_statements": 2, "percent_covered": 100.0, "percent_covered_display": "100.00", "missing_lines": 0, "excluded_lines": 0, "percent_statements_covered": 100.0, "percent_statements_covered_display": "100.00"}, "missing_lines": [], "excluded_lines": [], "start_line": 61}, "AgentConfig.on_error": {"executed_lines": [66, 67], "summary": {"covered_lines": 2, "num_statements": 2, "percent_covered": 100.0, "percent_covered_display": "100.00", "missing_lines": 0, "excluded_lines": 0, "percent_statements_covered": 100.0, "percent_statements_covered_display": "100.00"}, "missing_lines": [], "excluded_lines": [], "start_line": 65}, "AgentConfig.coding": {"executed_lines": [80], "summary": {"covered_lines": 1, "num_statements": 1, "percent_covered": 100.0, "percent_covered_display": "100.00", "missing_lines": 0, "excluded_lines": 0, "percent_statements_covered": 100.0, "percent_statements_covered_display": "100.00"}, "missing_lines": [], "excluded_lines": [], "start_line": 70}, "AgentConfig.from_yaml": {"executed_lines": [106, 107, 108, 110], "summary": {"covered_lines": 4, "num_statements": 4, "percent_covered": 100.0, "percent_covered_display": "100.00", "missing_lines": 0, "excluded_lines": 0, "percent_statements_covered": 100.0, "percent_statements_covered_display": "100.00"}, "missing_lines": [], "excluded_lines": [], "start_line": 91}, "AgentConfig.to_yaml": {"executed_lines": [140, 150, 151, 152, 154, 155], "summary": {"covered_lines": 6, "num_statements": 7, "percent_covered": 85.71428571428571, "percent_covered_display": "85.71", "missing_lines": 1, "excluded_lines": 0, "percent_statements_covered": 85.71428571428571, "percent_statements_covered_display": "85.71"}, "missing_lines": [153], "excluded_lines": [], "start_line": 138}, "": {"executed_lines": [4, 6, 7, 8, 9, 11, 14, 15, 42, 43, 44, 45, 46, 47, 48, 49, 50, 51, 52, 53, 54, 55, 57, 61, 65, 69, 70, 90, 91, 138, 158], "summary": {"covered_lines": 31, "num_statements": 31, "percent_covered": 100.0, "percent_covered_display": "100.00", "missing_lines": 0, "excluded_lines": 0, "percent_statements_covered": 100.0, "percent_statements_covered_display": "100.00"}, "missing_lines": [], "excluded_lines": [], "start_line": 1}}, "classes": {"AgentConfig": {"executed_lines": [58, 59, 62, 63, 66, 67, 80, 106, 107, 108, 110, 140, 150, 151, 152, 154, 155], "summary": {"covered_lines": 17, "num_statements": 18, "percent_covered": 94.44444444444444, "percent_covered_display": "94.44", "missing_lines": 1, "excluded_lines": 0, "percent_statements_covered": 94.44444444444444, "percent_statements_covered_display": "94.44"}, "missing_lines": [153], "excluded_lines": [], "start_line": 15}, "": {"executed_lines": [4, 6, 7, 8, 9, 11, 14, 15, 42, 43, 44, 45, 46, 47, 48, 49, 50, 51, 52, 53, 54, 55, 57, 61, 65, 69, 70, 90, 91, 138, 158], "summary": {"covered_lines": 31, "num_statements": 31, "percent_covered": 100.0, "percent_covered_display": "100.00", "missing_lines": 0, "excluded_lines": 0, "percent_statements_covered": 100.0, "percent_statements_covered_display": "100.00"}, "missing_lines": [], "excluded_lines": [], "start_line": 1}}}, "lionagi/agent/factory.py": {"executed_lines": [4, 6, 7, 9, 11, 17, 48, 49, 50, 53, 54, 60, 62, 64, 65, 71, 72, 73, 77, 78, 79, 80, 81, 82, 83, 84, 86, 88, 94, 96, 98, 99, 100, 102, 105, 107, 108, 109, 111, 114, 120, 121, 123, 125, 126, 133, 138, 140, 147, 152, 153, 154, 156, 157, 160, 161, 162, 163, 164, 167, 170, 171, 172, 174, 175, 177, 178, 179, 180, 181, 183, 186, 188, 189, 190, 191, 192, 193, 194, 195, 197, 200, 202, 203, 204, 205, 211, 217, 218, 221, 222, 231, 233, 235, 237, 238, 240, 241, 242, 244, 245, 246, 248, 249, 250, 251, 252, 256, 257, 260, 274, 276, 278, 283, 284, 286, 287, 288, 289, 290, 293, 295, 296, 297, 298, 300, 301, 303], "summary": {"covered_lines": 128, "num_statements": 154, "percent_covered": 83.11688311688312, "percent_covered_display": "83.12", "missing_lines": 26, "excluded_lines": 2, "percent_statements_covered": 83.11688311688312, "percent_statements_covered_display": "83.12"}, "missing_lines": [75, 104, 127, 128, 130, 158, 165, 176, 196, 206, 209, 210, 212, 215, 216, 223, 224, 227, 228, 243, 253, 254, 279, 280, 281, 291], "excluded_lines": [13, 14], "functions": {"create_agent": {"executed_lines": [48, 49, 50, 53, 54, 60, 62, 64, 65, 71, 72, 73, 77, 78, 79, 80, 81, 82, 83, 84, 86, 88, 94, 96, 98, 99, 100, 102, 105, 107, 108, 109, 111], "summary": {"covered_lines": 33, "num_statements": 35, "percent_covered": 94.28571428571429, "percent_covered_display": "94.29", "missing_lines": 2, "excluded_lines": 0, "percent_statements_covered": 94.28571428571429, "percent_statements_covered_display": "94.29"}, "missing_lines": [75, 104], "excluded_lines": [], "start_line": 17}, "_apply_permissions": {"executed_lines": [120, 121, 123, 125, 126, 133], "summary": {"covered_lines": 6, "num_statements": 9, "percent_covered": 66.66666666666667, "percent_covered_display": "66.67", "missing_lines": 3, "excluded_lines": 0, "percent_statements_covered": 66.66666666666667, "percent_statements_covered_display": "66.67"}, "missing_lines": [127, 128, 130], "excluded_lines": [], "start_line": 114}, "_tool_hooks": {"executed_lines": [140], "summary": {"covered_lines": 1, "num_statements": 1, "percent_covered": 100.0, "percent_covered_display": "100.00", "missing_lines": 0, "excluded_lines": 0, "percent_statements_covered": 100.0, "percent_statements_covered_display": "100.00"}, "missing_lines": [], "excluded_lines": [], "start_line": 138}, "_chain_pre_hooks": {"executed_lines": [152, 153, 154, 156, 157, 160, 167], "summary": {"covered_lines": 7, "num_statements": 8, "percent_covered": 87.5, "percent_covered_display": "87.50", "missing_lines": 1, "excluded_lines": 0, "percent_statements_covered": 87.5, "percent_statements_covered_display": "87.50"}, "missing_lines": [158], "excluded_lines": [], "start_line": 147}, "_chain_pre_hooks.chained": {"executed_lines": [161, 162, 163, 164], "summary": {"covered_lines": 4, "num_statements": 5, "percent_covered": 80.0, "percent_covered_display": "80.00", "missing_lines": 1, "excluded_lines": 0, "percent_statements_covered": 80.0, "percent_statements_covered_display": "80.00"}, "missing_lines": [165], "excluded_lines": [], "start_line": 160}, "_chain_post_hooks": {"executed_lines": [171, 172, 174, 183], "summary": {"covered_lines": 4, "num_statements": 4, "percent_covered": 100.0, "percent_covered_display": "100.00", "missing_lines": 0, "excluded_lines": 0, "percent_statements_covered": 100.0, "percent_statements_covered_display": "100.00"}, "missing_lines": [], "excluded_lines": [], "start_line": 170}, "_chain_post_hooks.chained": {"executed_lines": [175, 177, 178, 179, 180, 181], "summary": {"covered_lines": 6, "num_statements": 7, "percent_covered": 85.71428571428571, "percent_covered_display": "85.71", "missing_lines": 1, "excluded_lines": 0, "percent_statements_covered": 85.71428571428571, "percent_statements_covered_display": "85.71"}, "missing_lines": [176], "excluded_lines": [], "start_line": 174}, "_attach_hooks": {"executed_lines": [188, 189, 190, 191, 192, 193, 194, 195, 197], "summary": {"covered_lines": 9, "num_statements": 10, "percent_covered": 90.0, "percent_covered_display": "90.00", "missing_lines": 1, "excluded_lines": 0, "percent_statements_covered": 90.0, "percent_statements_covered_display": "90.00"}, "missing_lines": [196], "excluded_lines": [], "start_line": 186}, "_register_tools": {"executed_lines": [202, 203, 204, 205, 211, 217, 218, 221, 222], "summary": {"covered_lines": 9, "num_statements": 19, "percent_covered": 47.36842105263158, "percent_covered_display": "47.37", "missing_lines": 10, "excluded_lines": 0, "percent_statements_covered": 47.36842105263158, "percent_statements_covered_display": "47.37"}, "missing_lines": [206, 209, 210, 212, 215, 216, 223, 224, 227, 228], "excluded_lines": [], "start_line": 200}, "_register_coding_tools": {"executed_lines": [233, 235, 237, 238, 240, 241, 242, 244, 245, 246, 248, 249, 250, 251, 252, 256, 257], "summary": {"covered_lines": 17, "num_statements": 20, "percent_covered": 85.0, "percent_covered_display": "85.00", "missing_lines": 3, "excluded_lines": 0, "percent_statements_covered": 85.0, "percent_statements_covered_display": "85.00"}, "missing_lines": [243, 253, 254], "excluded_lines": [], "start_line": 231}, "_load_mcp": {"executed_lines": [274, 276, 278, 283, 284, 286, 287, 288, 289, 290, 293, 295, 296, 297, 298, 300, 301, 303], "summary": {"covered_lines": 18, "num_statements": 22, "percent_covered": 81.81818181818181, "percent_covered_display": "81.82", "missing_lines": 4, "excluded_lines": 0, "percent_statements_covered": 81.81818181818181, "percent_statements_covered_display": "81.82"}, "missing_lines": [279, 280, 281, 291], "excluded_lines": [], "start_line": 260}, "": {"executed_lines": [4, 6, 7, 9, 11, 17, 114, 138, 147, 170, 186, 200, 231, 260], "summary": {"covered_lines": 14, "num_statements": 14, "percent_covered": 100.0, "percent_covered_display": "100.00", "missing_lines": 0, "excluded_lines": 2, "percent_statements_covered": 100.0, "percent_statements_covered_display": "100.00"}, "missing_lines": [], "excluded_lines": [13, 14], "start_line": 1}}, "classes": {"": {"executed_lines": [4, 6, 7, 9, 11, 17, 48, 49, 50, 53, 54, 60, 62, 64, 65, 71, 72, 73, 77, 78, 79, 80, 81, 82, 83, 84, 86, 88, 94, 96, 98, 99, 100, 102, 105, 107, 108, 109, 111, 114, 120, 121, 123, 125, 126, 133, 138, 140, 147, 152, 153, 154, 156, 157, 160, 161, 162, 163, 164, 167, 170, 171, 172, 174, 175, 177, 178, 179, 180, 181, 183, 186, 188, 189, 190, 191, 192, 193, 194, 195, 197, 200, 202, 203, 204, 205, 211, 217, 218, 221, 222, 231, 233, 235, 237, 238, 240, 241, 242, 244, 245, 246, 248, 249, 250, 251, 252, 256, 257, 260, 274, 276, 278, 283, 284, 286, 287, 288, 289, 290, 293, 295, 296, 297, 298, 300, 301, 303], "summary": {"covered_lines": 128, "num_statements": 154, "percent_covered": 83.11688311688312, "percent_covered_display": "83.12", "missing_lines": 26, "excluded_lines": 2, "percent_statements_covered": 83.11688311688312, "percent_statements_covered_display": "83.12"}, "missing_lines": [75, 104, 127, 128, 130, 158, 165, 176, 196, 206, 209, 210, 212, 215, 216, 223, 224, 227, 228, 243, 253, 254, 279, 280, 281, 291], "excluded_lines": [13, 14], "start_line": 1}}}, "lionagi/agent/hooks.py": {"executed_lines": [15, 17, 18, 19, 21, 23, 36, 39, 41, 42, 43, 47, 50, 62, 66, 67, 68, 71, 73, 74, 77, 78, 79, 80, 81, 82, 83, 87, 88, 89, 90, 92, 95, 104, 108, 111, 112, 115, 116, 118, 119], "summary": {"covered_lines": 41, "num_statements": 47, "percent_covered": 87.23404255319149, "percent_covered_display": "87.23", "missing_lines": 6, "excluded_lines": 0, "percent_statements_covered": 87.23404255319149, "percent_statements_covered_display": "87.23"}, "missing_lines": [69, 99, 100, 101, 109, 113], "excluded_lines": [], "functions": {"guard_destructive": {"executed_lines": [41, 42, 43, 47], "summary": {"covered_lines": 4, "num_statements": 4, "percent_covered": 100.0, "percent_covered_display": "100.00", "missing_lines": 0, "excluded_lines": 0, "percent_statements_covered": 100.0, "percent_statements_covered_display": "100.00"}, "missing_lines": [], "excluded_lines": [], "start_line": 39}, "guard_paths": {"executed_lines": [62, 66, 92], "summary": {"covered_lines": 3, "num_statements": 3, "percent_covered": 100.0, "percent_covered_display": "100.00", "missing_lines": 0, "excluded_lines": 0, "percent_statements_covered": 100.0, "percent_statements_covered_display": "100.00"}, "missing_lines": [], "excluded_lines": [], "start_line": 50}, "guard_paths._guard": {"executed_lines": [67, 68, 71, 73, 74, 77, 78, 79, 80, 81, 82, 83, 87, 88, 89, 90], "summary": {"covered_lines": 16, "num_statements": 17, "percent_covered": 94.11764705882354, "percent_covered_display": "94.12", "missing_lines": 1, "excluded_lines": 0, "percent_statements_covered": 94.11764705882354, "percent_statements_covered_display": "94.12"}, "missing_lines": [69], "excluded_lines": [], "start_line": 66}, "log_tool_use": {"executed_lines": [], "summary": {"covered_lines": 0, "num_statements": 3, "percent_covered": 0.0, "percent_covered_display": "0.00", "missing_lines": 3, "excluded_lines": 0, "percent_statements_covered": 0.0, "percent_statements_covered_display": "0.00"}, "missing_lines": [99, 100, 101], "excluded_lines": [], "start_line": 95}, "auto_format_python": {"executed_lines": [108, 111, 112, 115, 116, 118, 119], "summary": {"covered_lines": 7, "num_statements": 9, "percent_covered": 77.77777777777777, "percent_covered_display": "77.78", "missing_lines": 2, "excluded_lines": 0, "percent_statements_covered": 77.77777777777777, "percent_statements_covered_display": "77.78"}, "missing_lines": [109, 113], "excluded_lines": [], "start_line": 104}, "": {"executed_lines": [15, 17, 18, 19, 21, 23, 36, 39, 50, 95, 104], "summary": {"covered_lines": 11, "num_statements": 11, "percent_covered": 100.0, "percent_covered_display": "100.00", "missing_lines": 0, "excluded_lines": 0, "percent_statements_covered": 100.0, "percent_statements_covered_display": "100.00"}, "missing_lines": [], "excluded_lines": [], "start_line": 1}}, "classes": {"": {"executed_lines": [15, 17, 18, 19, 21, 23, 36, 39, 41, 42, 43, 47, 50, 62, 66, 67, 68, 71, 73, 74, 77, 78, 79, 80, 81, 82, 83, 87, 88, 89, 90, 92, 95, 104, 108, 111, 112, 115, 116, 118, 119], "summary": {"covered_lines": 41, "num_statements": 47, "percent_covered": 87.23404255319149, "percent_covered_display": "87.23", "missing_lines": 6, "excluded_lines": 0, "percent_statements_covered": 87.23404255319149, "percent_statements_covered_display": "87.23"}, "missing_lines": [69, 99, 100, 101, 109, 113], "excluded_lines": [], "start_line": 1}}}, "lionagi/agent/permissions.py": {"executed_lines": [44, 46, 47, 48, 49, 50, 51, 52, 54, 57, 60, 69, 70, 71, 74, 75, 78, 79, 80, 81, 82, 83, 84, 87, 88, 89, 90, 91, 92, 93, 95, 97, 98, 99, 101, 102, 110, 111, 112, 114, 115, 116, 118, 119, 120, 126, 127, 128, 140, 141, 142, 143, 144, 147, 149, 150, 151, 152, 154, 155, 156, 164, 165, 166, 174, 175, 176, 185, 189, 191, 193, 196, 198, 199, 201, 202, 208, 213, 217, 220, 221, 222, 224, 225, 228, 229, 230, 231, 232, 233, 234, 235, 238, 239, 240, 241], "summary": {"covered_lines": 96, "num_statements": 102, "percent_covered": 94.11764705882354, "percent_covered_display": "94.12", "missing_lines": 6, "excluded_lines": 1, "percent_statements_covered": 94.11764705882354, "percent_statements_covered_display": "94.12"}, "missing_lines": [103, 203, 204, 205, 206, 207], "excluded_lines": [56], "functions": {"_canonical_tool_name": {"executed_lines": [70, 71], "summary": {"covered_lines": 2, "num_statements": 2, "percent_covered": 100.0, "percent_covered_display": "100.00", "missing_lines": 0, "excluded_lines": 0, "percent_statements_covered": 100.0, "percent_statements_covered_display": "100.00"}, "missing_lines": [], "excluded_lines": [], "start_line": 69}, "_normalize_rules": {"executed_lines": [75], "summary": {"covered_lines": 1, "num_statements": 1, "percent_covered": 100.0, "percent_covered_display": "100.00", "missing_lines": 0, "excluded_lines": 0, "percent_statements_covered": 100.0, "percent_statements_covered_display": "100.00"}, "missing_lines": [], "excluded_lines": [], "start_line": 74}, "PermissionPolicy.__post_init__": {"executed_lines": [97, 98, 99], "summary": {"covered_lines": 3, "num_statements": 3, "percent_covered": 100.0, "percent_covered_display": "100.00", "missing_lines": 0, "excluded_lines": 0, "percent_statements_covered": 100.0, "percent_statements_covered_display": "100.00"}, "missing_lines": [], "excluded_lines": [], "start_line": 95}, "PermissionPolicy.from_dict": {"executed_lines": [], "summary": {"covered_lines": 0, "num_statements": 1, "percent_covered": 0.0, "percent_covered_display": "0.00", "missing_lines": 1, "excluded_lines": 0, "percent_statements_covered": 0.0, "percent_statements_covered_display": "0.00"}, "missing_lines": [103], "excluded_lines": [], "start_line": 102}, "PermissionPolicy.allow_all": {"executed_lines": [112], "summary": {"covered_lines": 1, "num_statements": 1, "percent_covered": 100.0, "percent_covered_display": "100.00", "missing_lines": 0, "excluded_lines": 0, "percent_statements_covered": 100.0, "percent_statements_covered_display": "100.00"}, "missing_lines": [], "excluded_lines": [], "start_line": 111}, "PermissionPolicy.deny_all": {"executed_lines": [116], "summary": {"covered_lines": 1, "num_statements": 1, "percent_covered": 100.0, "percent_covered_display": "100.00", "missing_lines": 0, "excluded_lines": 0, "percent_statements_covered": 100.0, "percent_statements_covered_display": "100.00"}, "missing_lines": [], "excluded_lines": [], "start_line": 115}, "PermissionPolicy.read_only": {"executed_lines": [120], "summary": {"covered_lines": 1, "num_statements": 1, "percent_covered": 100.0, "percent_covered_display": "100.00", "missing_lines": 0, "excluded_lines": 0, "percent_statements_covered": 100.0, "percent_statements_covered_display": "100.00"}, "missing_lines": [], "excluded_lines": [], "start_line": 119}, "PermissionPolicy.safe": {"executed_lines": [128], "summary": {"covered_lines": 1, "num_statements": 1, "percent_covered": 100.0, "percent_covered_display": "100.00", "missing_lines": 0, "excluded_lines": 0, "percent_statements_covered": 100.0, "percent_statements_covered_display": "100.00"}, "missing_lines": [], "excluded_lines": [], "start_line": 127}, "PermissionPolicy.check": {"executed_lines": [141, 142, 143, 144, 147, 149, 150, 151, 152, 154, 155, 156, 164, 165, 166, 174, 175, 176, 185], "summary": {"covered_lines": 19, "num_statements": 19, "percent_covered": 100.0, "percent_covered_display": "100.00", "missing_lines": 0, "excluded_lines": 0, "percent_statements_covered": 100.0, "percent_statements_covered_display": "100.00"}, "missing_lines": [], "excluded_lines": [], "start_line": 140}, "PermissionPolicy.to_pre_hook": {"executed_lines": [191, 193, 217], "summary": {"covered_lines": 3, "num_statements": 3, "percent_covered": 100.0, "percent_covered_display": "100.00", "missing_lines": 0, "excluded_lines": 0, "percent_statements_covered": 100.0, "percent_statements_covered_display": "100.00"}, "missing_lines": [], "excluded_lines": [], "start_line": 189}, "PermissionPolicy.to_pre_hook.permission_check": {"executed_lines": [196, 198, 199, 201, 202, 208, 213], "summary": {"covered_lines": 7, "num_statements": 12, "percent_covered": 58.333333333333336, "percent_covered_display": "58.33", "missing_lines": 5, "excluded_lines": 0, "percent_statements_covered": 58.333333333333336, "percent_statements_covered_display": "58.33"}, "missing_lines": [203, 204, 205, 206, 207], "excluded_lines": [], "start_line": 193}, "_build_match_string": {"executed_lines": [221, 222, 224, 225, 228, 229, 230, 231, 232, 233, 234, 235], "summary": {"covered_lines": 12, "num_statements": 12, "percent_covered": 100.0, "percent_covered_display": "100.00", "missing_lines": 0, "excluded_lines": 0, "percent_statements_covered": 100.0, "percent_statements_covered_display": "100.00"}, "missing_lines": [], "excluded_lines": [], "start_line": 220}, "_matches": {"executed_lines": [239, 240, 241], "summary": {"covered_lines": 3, "num_statements": 3, "percent_covered": 100.0, "percent_covered_display": "100.00", "missing_lines": 0, "excluded_lines": 0, "percent_statements_covered": 100.0, "percent_statements_covered_display": "100.00"}, "missing_lines": [], "excluded_lines": [], "start_line": 238}, "": {"executed_lines": [44, 46, 47, 48, 49, 50, 51, 52, 54, 57, 60, 69, 74, 78, 79, 80, 81, 82, 83, 84, 87, 88, 89, 90, 91, 92, 93, 95, 101, 102, 110, 111, 114, 115, 118, 119, 126, 127, 140, 189, 220, 238], "summary": {"covered_lines": 42, "num_statements": 42, "percent_covered": 100.0, "percent_covered_display": "100.00", "missing_lines": 0, "excluded_lines": 1, "percent_statements_covered": 100.0, "percent_statements_covered_display": "100.00"}, "missing_lines": [], "excluded_lines": [56], "start_line": 1}}, "classes": {"PermissionDecision": {"executed_lines": [], "summary": {"covered_lines": 0, "num_statements": 0, "percent_covered": 100.0, "percent_covered_display": "100.00", "missing_lines": 0, "excluded_lines": 0, "percent_statements_covered": 100.0, "percent_statements_covered_display": "100.00"}, "missing_lines": [], "excluded_lines": [], "start_line": 79}, "PermissionPolicy": {"executed_lines": [97, 98, 99, 112, 116, 120, 128, 141, 142, 143, 144, 147, 149, 150, 151, 152, 154, 155, 156, 164, 165, 166, 174, 175, 176, 185, 191, 193, 196, 198, 199, 201, 202, 208, 213, 217], "summary": {"covered_lines": 36, "num_statements": 42, "percent_covered": 85.71428571428571, "percent_covered_display": "85.71", "missing_lines": 6, "excluded_lines": 0, "percent_statements_covered": 85.71428571428571, "percent_statements_covered_display": "85.71"}, "missing_lines": [103, 203, 204, 205, 206, 207], "excluded_lines": [], "start_line": 88}, "": {"executed_lines": [44, 46, 47, 48, 49, 50, 51, 52, 54, 57, 60, 69, 70, 71, 74, 75, 78, 79, 80, 81, 82, 83, 84, 87, 88, 89, 90, 91, 92, 93, 95, 101, 102, 110, 111, 114, 115, 118, 119, 126, 127, 140, 189, 220, 221, 222, 224, 225, 228, 229, 230, 231, 232, 233, 234, 235, 238, 239, 240, 241], "summary": {"covered_lines": 60, "num_statements": 60, "percent_covered": 100.0, "percent_covered_display": "100.00", "missing_lines": 0, "excluded_lines": 1, "percent_statements_covered": 100.0, "percent_statements_covered_display": "100.00"}, "missing_lines": [], "excluded_lines": [56], "start_line": 1}}}, "lionagi/agent/settings.py": {"executed_lines": [32, 34, 35, 36, 37, 38, 39, 41, 43, 45, 48, 60, 62, 63, 64, 65, 66, 69, 70, 72, 73, 74, 75, 76, 77, 79, 80, 81, 82, 83, 84, 85, 86, 88, 91, 107, 110, 111, 113, 115, 116, 117, 118, 120, 121, 133, 136, 149, 152, 153, 154, 157, 158, 163, 172, 174, 176, 177, 188, 200, 203, 208, 209, 210, 211, 212, 213, 214, 216, 218, 219, 220, 222, 229, 237, 238, 242, 245, 273, 275, 276, 277, 278, 279, 281, 282], "summary": {"covered_lines": 86, "num_statements": 117, "percent_covered": 73.5042735042735, "percent_covered_display": "73.50", "missing_lines": 31, "excluded_lines": 2, "percent_statements_covered": 73.5042735042735, "percent_statements_covered_display": "73.50"}, "missing_lines": [108, 119, 124, 125, 126, 127, 128, 129, 130, 131, 150, 160, 173, 181, 182, 183, 184, 185, 233, 234, 235, 236, 243, 249, 252, 253, 255, 262, 266, 268, 270], "excluded_lines": [191, 267], "functions": {"load_settings": {"executed_lines": [60, 62, 63, 64, 65, 66, 69, 70, 72, 73, 74, 75, 76, 77, 79, 80, 81, 82, 83, 84, 85, 86, 88], "summary": {"covered_lines": 23, "num_statements": 23, "percent_covered": 100.0, "percent_covered_display": "100.00", "missing_lines": 0, "excluded_lines": 0, "percent_statements_covered": 100.0, "percent_statements_covered_display": "100.00"}, "missing_lines": [], "excluded_lines": [], "start_line": 48}, "apply_hooks_from_settings": {"executed_lines": [107, 110, 111, 113, 115, 116, 117, 118, 120, 121, 133], "summary": {"covered_lines": 11, "num_statements": 21, "percent_covered": 52.38095238095238, "percent_covered_display": "52.38", "missing_lines": 10, "excluded_lines": 0, "percent_statements_covered": 52.38095238095238, "percent_statements_covered_display": "52.38"}, "missing_lines": [108, 119, 124, 125, 126, 127, 128, 129, 130, 131], "excluded_lines": [], "start_line": 91}, "_resolve_hook_spec": {"executed_lines": [149, 152, 153, 154, 157, 158], "summary": {"covered_lines": 6, "num_statements": 8, "percent_covered": 75.0, "percent_covered_display": "75.00", "missing_lines": 2, "excluded_lines": 0, "percent_statements_covered": 75.0, "percent_statements_covered_display": "75.00"}, "missing_lines": [150, 160], "excluded_lines": [], "start_line": 136}, "_import_hook": {"executed_lines": [172, 174, 176, 177], "summary": {"covered_lines": 4, "num_statements": 10, "percent_covered": 40.0, "percent_covered_display": "40.00", "missing_lines": 6, "excluded_lines": 0, "percent_statements_covered": 40.0, "percent_statements_covered_display": "40.00"}, "missing_lines": [173, 181, 182, 183, 184, 185], "excluded_lines": [], "start_line": 163}, "_make_shell_hook": {"executed_lines": [200, 203, 208, 216, 218, 245], "summary": {"covered_lines": 6, "num_statements": 14, "percent_covered": 42.857142857142854, "percent_covered_display": "42.86", "missing_lines": 8, "excluded_lines": 2, "percent_statements_covered": 42.857142857142854, "percent_statements_covered_display": "42.86"}, "missing_lines": [249, 252, 253, 255, 262, 266, 268, 270], "excluded_lines": [191, 267], "start_line": 188}, "_make_shell_hook._render_argv": {"executed_lines": [209, 210, 211, 212, 213, 214], "summary": {"covered_lines": 6, "num_statements": 6, "percent_covered": 100.0, "percent_covered_display": "100.00", "missing_lines": 0, "excluded_lines": 0, "percent_statements_covered": 100.0, "percent_statements_covered_display": "100.00"}, "missing_lines": [], "excluded_lines": [], "start_line": 208}, "_make_shell_hook.shell_pre_hook": {"executed_lines": [219, 220, 222, 229, 237, 238, 242], "summary": {"covered_lines": 7, "num_statements": 12, "percent_covered": 58.333333333333336, "percent_covered_display": "58.33", "missing_lines": 5, "excluded_lines": 0, "percent_statements_covered": 58.333333333333336, "percent_statements_covered_display": "58.33"}, "missing_lines": [233, 234, 235, 236, 243], "excluded_lines": [], "start_line": 218}, "_deep_merge": {"executed_lines": [275, 276, 277, 278, 279, 281, 282], "summary": {"covered_lines": 7, "num_statements": 7, "percent_covered": 100.0, "percent_covered_display": "100.00", "missing_lines": 0, "excluded_lines": 0, "percent_statements_covered": 100.0, "percent_statements_covered_display": "100.00"}, "missing_lines": [], "excluded_lines": [], "start_line": 273}, "": {"executed_lines": [32, 34, 35, 36, 37, 38, 39, 41, 43, 45, 48, 91, 136, 163, 188, 273], "summary": {"covered_lines": 16, "num_statements": 16, "percent_covered": 100.0, "percent_covered_display": "100.00", "missing_lines": 0, "excluded_lines": 0, "percent_statements_covered": 100.0, "percent_statements_covered_display": "100.00"}, "missing_lines": [], "excluded_lines": [], "start_line": 1}}, "classes": {"": {"executed_lines": [32, 34, 35, 36, 37, 38, 39, 41, 43, 45, 48, 60, 62, 63, 64, 65, 66, 69, 70, 72, 73, 74, 75, 76, 77, 79, 80, 81, 82, 83, 84, 85, 86, 88, 91, 107, 110, 111, 113, 115, 116, 117, 118, 120, 121, 133, 136, 149, 152, 153, 154, 157, 158, 163, 172, 174, 176, 177, 188, 200, 203, 208, 209, 210, 211, 212, 213, 214, 216, 218, 219, 220, 222, 229, 237, 238, 242, 245, 273, 275, 276, 277, 278, 279, 281, 282], "summary": {"covered_lines": 86, "num_statements": 117, "percent_covered": 73.5042735042735, "percent_covered_display": "73.50", "missing_lines": 31, "excluded_lines": 2, "percent_statements_covered": 73.5042735042735, "percent_statements_covered_display": "73.50"}, "missing_lines": [108, 119, 124, 125, 126, 127, 128, 129, 130, 131, 150, 160, 173, 181, 182, 183, 184, 185, 233, 234, 235, 236, 243, 249, 252, 253, 255, 262, 266, 268, 270], "excluded_lines": [191, 267], "start_line": 1}}}, "lionagi/config.py": {"executed_lines": [4, 6, 7, 10, 13, 14, 15, 16, 17, 18, 19, 20, 21, 23, 28, 30, 37, 38, 39, 42, 45, 52, 57, 58, 59, 60, 61, 62, 63, 64, 65, 66, 67, 68, 70, 73, 74, 76, 77, 80, 81, 83, 86, 87, 90, 91, 92, 93, 94, 95, 96, 97, 98, 101, 103, 117, 118, 119, 120, 122, 123, 125, 126, 127, 129, 130, 134, 135, 137, 151, 153], "summary": {"covered_lines": 71, "num_statements": 72, "percent_covered": 98.61111111111111, "percent_covered_display": "98.61", "missing_lines": 1, "excluded_lines": 0, "percent_statements_covered": 98.61111111111111, "percent_statements_covered_display": "98.61"}, "missing_lines": [132], "excluded_lines": [], "functions": {"CacheConfig.as_kwargs": {"executed_lines": [28, 30, 37, 38, 39], "summary": {"covered_lines": 5, "num_statements": 5, "percent_covered": 100.0, "percent_covered_display": "100.00", "missing_lines": 0, "excluded_lines": 0, "percent_statements_covered": 100.0, "percent_statements_covered_display": "100.00"}, "missing_lines": [], "excluded_lines": [], "start_line": 23}, "AppSettings.get_secret": {"executed_lines": [117, 118, 119, 120, 122, 123, 125, 126, 127, 129, 130], "summary": {"covered_lines": 11, "num_statements": 12, "percent_covered": 91.66666666666667, "percent_covered_display": "91.67", "missing_lines": 1, "excluded_lines": 0, "percent_statements_covered": 91.66666666666667, "percent_statements_covered_display": "91.67"}, "missing_lines": [132], "excluded_lines": [], "start_line": 103}, "AppSettings.LOG_CONFIG": {"executed_lines": [137], "summary": {"covered_lines": 1, "num_statements": 1, "percent_covered": 100.0, "percent_covered_display": "100.00", "missing_lines": 0, "excluded_lines": 0, "percent_statements_covered": 100.0, "percent_statements_covered_display": "100.00"}, "missing_lines": [], "excluded_lines": [], "start_line": 135}, "": {"executed_lines": [4, 6, 7, 10, 13, 14, 15, 16, 17, 18, 19, 20, 21, 23, 42, 45, 52, 57, 58, 59, 60, 61, 62, 63, 64, 65, 66, 67, 68, 70, 73, 74, 76, 77, 80, 81, 83, 86, 87, 90, 91, 92, 93, 94, 95, 96, 97, 98, 101, 103, 134, 135, 151, 153], "summary": {"covered_lines": 54, "num_statements": 54, "percent_covered": 100.0, "percent_covered_display": "100.00", "missing_lines": 0, "excluded_lines": 0, "percent_statements_covered": 100.0, "percent_statements_covered_display": "100.00"}, "missing_lines": [], "excluded_lines": [], "start_line": 1}}, "classes": {"CacheConfig": {"executed_lines": [28, 30, 37, 38, 39], "summary": {"covered_lines": 5, "num_statements": 5, "percent_covered": 100.0, "percent_covered_display": "100.00", "missing_lines": 0, "excluded_lines": 0, "percent_statements_covered": 100.0, "percent_statements_covered_display": "100.00"}, "missing_lines": [], "excluded_lines": [], "start_line": 10}, "AppSettings": {"executed_lines": [117, 118, 119, 120, 122, 123, 125, 126, 127, 129, 130, 137], "summary": {"covered_lines": 12, "num_statements": 13, "percent_covered": 92.3076923076923, "percent_covered_display": "92.31", "missing_lines": 1, "excluded_lines": 0, "percent_statements_covered": 92.3076923076923, "percent_statements_covered_display": "92.31"}, "missing_lines": [132], "excluded_lines": [], "start_line": 42}, "": {"executed_lines": [4, 6, 7, 10, 13, 14, 15, 16, 17, 18, 19, 20, 21, 23, 42, 45, 52, 57, 58, 59, 60, 61, 62, 63, 64, 65, 66, 67, 68, 70, 73, 74, 76, 77, 80, 81, 83, 86, 87, 90, 91, 92, 93, 94, 95, 96, 97, 98, 101, 103, 134, 135, 151, 153], "summary": {"covered_lines": 54, "num_statements": 54, "percent_covered": 100.0, "percent_covered_display": "100.00", "missing_lines": 0, "excluded_lines": 0, "percent_statements_covered": 100.0, "percent_statements_covered_display": "100.00"}, "missing_lines": [], "excluded_lines": [], "start_line": 1}}}, "lionagi/libs/__init__.py": {"executed_lines": [], "summary": {"covered_lines": 0, "num_statements": 0, "percent_covered": 100.0, "percent_covered_display": "100.00", "missing_lines": 0, "excluded_lines": 0, "percent_statements_covered": 100.0, "percent_statements_covered_display": "100.00"}, "missing_lines": [], "excluded_lines": [], "functions": {"": {"executed_lines": [], "summary": {"covered_lines": 0, "num_statements": 0, "percent_covered": 100.0, "percent_covered_display": "100.00", "missing_lines": 0, "excluded_lines": 0, "percent_statements_covered": 100.0, "percent_statements_covered_display": "100.00"}, "missing_lines": [], "excluded_lines": [], "start_line": 1}}, "classes": {"": {"executed_lines": [], "summary": {"covered_lines": 0, "num_statements": 0, "percent_covered": 100.0, "percent_covered_display": "100.00", "missing_lines": 0, "excluded_lines": 0, "percent_statements_covered": 100.0, "percent_statements_covered_display": "100.00"}, "missing_lines": [], "excluded_lines": [], "start_line": 1}}}, "lionagi/libs/file/__init__.py": {"executed_lines": [], "summary": {"covered_lines": 0, "num_statements": 0, "percent_covered": 100.0, "percent_covered_display": "100.00", "missing_lines": 0, "excluded_lines": 0, "percent_statements_covered": 100.0, "percent_statements_covered_display": "100.00"}, "missing_lines": [], "excluded_lines": [], "functions": {"": {"executed_lines": [], "summary": {"covered_lines": 0, "num_statements": 0, "percent_covered": 100.0, "percent_covered_display": "100.00", "missing_lines": 0, "excluded_lines": 0, "percent_statements_covered": 100.0, "percent_statements_covered_display": "100.00"}, "missing_lines": [], "excluded_lines": [], "start_line": 1}}, "classes": {"": {"executed_lines": [], "summary": {"covered_lines": 0, "num_statements": 0, "percent_covered": 100.0, "percent_covered_display": "100.00", "missing_lines": 0, "excluded_lines": 0, "percent_statements_covered": 100.0, "percent_statements_covered_display": "100.00"}, "missing_lines": [], "excluded_lines": [], "start_line": 1}}}, "lionagi/libs/file/chunk.py": {"executed_lines": [4, 5, 6, 9, 31, 32, 33, 35, 36, 37, 38, 40, 47, 51, 52, 53, 54, 57, 65, 67, 68, 69, 70, 72, 73, 74, 76, 78, 81, 109, 110, 111, 112, 114, 115, 116, 117, 126, 139, 143, 146, 155, 158, 159, 161, 162, 165, 175, 176, 177, 178, 179, 181, 182, 183, 187, 190, 194, 197, 229, 230, 238, 245, 246, 248, 261], "summary": {"covered_lines": 66, "num_statements": 71, "percent_covered": 92.95774647887323, "percent_covered_display": "92.96", "missing_lines": 5, "excluded_lines": 0, "percent_statements_covered": 92.95774647887323, "percent_statements_covered_display": "92.96"}, "missing_lines": [43, 44, 135, 136, 185], "excluded_lines": [], "functions": {"chunk_by_chars": {"executed_lines": [31, 32, 33, 35, 36, 37, 38, 40], "summary": {"covered_lines": 8, "num_statements": 10, "percent_covered": 80.0, "percent_covered_display": "80.00", "missing_lines": 2, "excluded_lines": 0, "percent_statements_covered": 80.0, "percent_statements_covered_display": "80.00"}, "missing_lines": [43, 44], "excluded_lines": [], "start_line": 9}, "_chunk_two_parts": {"executed_lines": [51, 52, 53, 54], "summary": {"covered_lines": 4, "num_statements": 4, "percent_covered": 100.0, "percent_covered_display": "100.00", "missing_lines": 0, "excluded_lines": 0, "percent_statements_covered": 100.0, "percent_statements_covered_display": "100.00"}, "missing_lines": [], "excluded_lines": [], "start_line": 47}, "_chunk_multiple_parts": {"executed_lines": [65, 67, 68, 69, 70, 72, 73, 74, 76, 78], "summary": {"covered_lines": 10, "num_statements": 10, "percent_covered": 100.0, "percent_covered_display": "100.00", "missing_lines": 0, "excluded_lines": 0, "percent_statements_covered": 100.0, "percent_statements_covered_display": "100.00"}, "missing_lines": [], "excluded_lines": [], "start_line": 57}, "chunk_by_tokens": {"executed_lines": [109, 110, 111, 112, 114, 115, 116, 117, 126], "summary": {"covered_lines": 9, "num_statements": 11, "percent_covered": 81.81818181818181, "percent_covered_display": "81.82", "missing_lines": 2, "excluded_lines": 0, "percent_statements_covered": 81.81818181818181, "percent_statements_covered_display": "81.82"}, "missing_lines": [135, 136], "excluded_lines": [], "start_line": 81}, "_process_single_chunk": {"executed_lines": [143], "summary": {"covered_lines": 1, "num_statements": 1, "percent_covered": 100.0, "percent_covered_display": "100.00", "missing_lines": 0, "excluded_lines": 0, "percent_statements_covered": 100.0, "percent_statements_covered_display": "100.00"}, "missing_lines": [], "excluded_lines": [], "start_line": 139}, "_chunk_token_two_parts": {"executed_lines": [155, 158, 159, 161, 162], "summary": {"covered_lines": 5, "num_statements": 5, "percent_covered": 100.0, "percent_covered_display": "100.00", "missing_lines": 0, "excluded_lines": 0, "percent_statements_covered": 100.0, "percent_statements_covered_display": "100.00"}, "missing_lines": [], "excluded_lines": [], "start_line": 146}, "_chunk_token_multiple_parts": {"executed_lines": [175, 176, 177, 178, 179, 181, 182, 183, 187], "summary": {"covered_lines": 9, "num_statements": 10, "percent_covered": 90.0, "percent_covered_display": "90.00", "missing_lines": 1, "excluded_lines": 0, "percent_statements_covered": 90.0, "percent_statements_covered_display": "90.00"}, "missing_lines": [185], "excluded_lines": [], "start_line": 165}, "_format_chunks": {"executed_lines": [194], "summary": {"covered_lines": 1, "num_statements": 1, "percent_covered": 100.0, "percent_covered_display": "100.00", "missing_lines": 0, "excluded_lines": 0, "percent_statements_covered": 100.0, "percent_statements_covered_display": "100.00"}, "missing_lines": [], "excluded_lines": [], "start_line": 190}, "chunk_content": {"executed_lines": [229, 230, 238, 245, 246, 248, 261], "summary": {"covered_lines": 7, "num_statements": 7, "percent_covered": 100.0, "percent_covered_display": "100.00", "missing_lines": 0, "excluded_lines": 0, "percent_statements_covered": 100.0, "percent_statements_covered_display": "100.00"}, "missing_lines": [], "excluded_lines": [], "start_line": 197}, "": {"executed_lines": [4, 5, 6, 9, 47, 57, 81, 139, 146, 165, 190, 197], "summary": {"covered_lines": 12, "num_statements": 12, "percent_covered": 100.0, "percent_covered_display": "100.00", "missing_lines": 0, "excluded_lines": 0, "percent_statements_covered": 100.0, "percent_statements_covered_display": "100.00"}, "missing_lines": [], "excluded_lines": [], "start_line": 1}}, "classes": {"": {"executed_lines": [4, 5, 6, 9, 31, 32, 33, 35, 36, 37, 38, 40, 47, 51, 52, 53, 54, 57, 65, 67, 68, 69, 70, 72, 73, 74, 76, 78, 81, 109, 110, 111, 112, 114, 115, 116, 117, 126, 139, 143, 146, 155, 158, 159, 161, 162, 165, 175, 176, 177, 178, 179, 181, 182, 183, 187, 190, 194, 197, 229, 230, 238, 245, 246, 248, 261], "summary": {"covered_lines": 66, "num_statements": 71, "percent_covered": 92.95774647887323, "percent_covered_display": "92.96", "missing_lines": 5, "excluded_lines": 0, "percent_statements_covered": 92.95774647887323, "percent_statements_covered_display": "92.96"}, "missing_lines": [43, 44, 135, 136, 185], "excluded_lines": [], "start_line": 1}}}, "lionagi/libs/file/process.py": {"executed_lines": [4, 5, 6, 7, 8, 10, 11, 13, 16, 47, 48, 49, 51, 52, 53, 54, 61, 63, 64, 65, 66, 69, 75, 78, 83, 99, 100, 101, 102, 104, 105, 106, 107, 108, 113, 114, 116, 120, 121, 123, 124, 134, 137, 139, 151, 152, 154, 155, 157, 158, 159, 160, 161, 162, 163, 164, 165, 166, 170, 173], "summary": {"covered_lines": 60, "num_statements": 73, "percent_covered": 82.1917808219178, "percent_covered_display": "82.19", "missing_lines": 13, "excluded_lines": 1, "percent_statements_covered": 82.1917808219178, "percent_statements_covered_display": "82.19"}, "missing_lines": [55, 56, 57, 58, 60, 76, 79, 80, 129, 131, 132, 168, 171], "excluded_lines": [125], "functions": {"dir_to_files": {"executed_lines": [47, 48, 49, 51, 63, 64, 65, 66, 69, 75, 78], "summary": {"covered_lines": 11, "num_statements": 14, "percent_covered": 78.57142857142857, "percent_covered_display": "78.57", "missing_lines": 3, "excluded_lines": 0, "percent_statements_covered": 78.57142857142857, "percent_statements_covered_display": "78.57"}, "missing_lines": [76, 79, 80], "excluded_lines": [], "start_line": 16}, "dir_to_files.process_file": {"executed_lines": [52, 53, 54, 61], "summary": {"covered_lines": 4, "num_statements": 9, "percent_covered": 44.44444444444444, "percent_covered_display": "44.44", "missing_lines": 5, "excluded_lines": 0, "percent_statements_covered": 44.44444444444444, "percent_statements_covered_display": "44.44"}, "missing_lines": [55, 56, 57, 58, 60], "excluded_lines": [], "start_line": 51}, "chunk": {"executed_lines": [99, 100, 101, 102, 104, 105, 106, 107, 108, 113, 114, 116, 120, 121, 123, 124, 134, 137, 139, 151, 152, 154, 155, 157, 158, 159, 160, 161, 162, 163, 164, 165, 166, 170, 173], "summary": {"covered_lines": 35, "num_statements": 40, "percent_covered": 87.5, "percent_covered_display": "87.50", "missing_lines": 5, "excluded_lines": 1, "percent_statements_covered": 87.5, "percent_statements_covered_display": "87.50"}, "missing_lines": [129, 131, 132, 168, 171], "excluded_lines": [125], "start_line": 83}, "": {"executed_lines": [4, 5, 6, 7, 8, 10, 11, 13, 16, 83], "summary": {"covered_lines": 10, "num_statements": 10, "percent_covered": 100.0, "percent_covered_display": "100.00", "missing_lines": 0, "excluded_lines": 0, "percent_statements_covered": 100.0, "percent_statements_covered_display": "100.00"}, "missing_lines": [], "excluded_lines": [], "start_line": 1}}, "classes": {"": {"executed_lines": [4, 5, 6, 7, 8, 10, 11, 13, 16, 47, 48, 49, 51, 52, 53, 54, 61, 63, 64, 65, 66, 69, 75, 78, 83, 99, 100, 101, 102, 104, 105, 106, 107, 108, 113, 114, 116, 120, 121, 123, 124, 134, 137, 139, 151, 152, 154, 155, 157, 158, 159, 160, 161, 162, 163, 164, 165, 166, 170, 173], "summary": {"covered_lines": 60, "num_statements": 73, "percent_covered": 82.1917808219178, "percent_covered_display": "82.19", "missing_lines": 13, "excluded_lines": 1, "percent_statements_covered": 82.1917808219178, "percent_statements_covered_display": "82.19"}, "missing_lines": [55, 56, 57, 58, 60, 76, 79, 80, 129, 131, 132, 168, 171], "excluded_lines": [125], "start_line": 1}}}, "lionagi/libs/schema/__init__.py": {"executed_lines": [], "summary": {"covered_lines": 0, "num_statements": 0, "percent_covered": 100.0, "percent_covered_display": "100.00", "missing_lines": 0, "excluded_lines": 0, "percent_statements_covered": 100.0, "percent_statements_covered_display": "100.00"}, "missing_lines": [], "excluded_lines": [], "functions": {"": {"executed_lines": [], "summary": {"covered_lines": 0, "num_statements": 0, "percent_covered": 100.0, "percent_covered_display": "100.00", "missing_lines": 0, "excluded_lines": 0, "percent_statements_covered": 100.0, "percent_statements_covered_display": "100.00"}, "missing_lines": [], "excluded_lines": [], "start_line": 1}}, "classes": {"": {"executed_lines": [], "summary": {"covered_lines": 0, "num_statements": 0, "percent_covered": 100.0, "percent_covered_display": "100.00", "missing_lines": 0, "excluded_lines": 0, "percent_statements_covered": 100.0, "percent_statements_covered_display": "100.00"}, "missing_lines": [], "excluded_lines": [], "start_line": 1}}}, "lionagi/libs/schema/as_readable.py": {"executed_lines": [4, 5, 6, 8, 11, 12, 13, 14, 15, 16, 17, 18, 19, 20, 21, 23, 55, 86, 93, 98, 99, 101, 102, 107, 112, 115, 124, 125, 127, 128, 129, 131, 132, 133, 135, 136, 137, 138, 139, 141, 142, 143, 144, 147, 148, 149, 151, 153, 154, 155, 156, 159, 162, 202, 204, 211, 213, 214, 215, 216, 218, 221, 223, 224, 226, 229, 230, 231, 233, 236, 238, 244, 247, 248, 249, 251, 253, 255, 256, 257, 258, 261, 262, 265, 272, 329], "summary": {"covered_lines": 86, "num_statements": 119, "percent_covered": 72.26890756302521, "percent_covered_display": "72.27", "missing_lines": 33, "excluded_lines": 0, "percent_statements_covered": 72.26890756302521, "percent_statements_covered_display": "72.27"}, "missing_lines": [87, 88, 89, 90, 103, 104, 239, 241, 266, 268, 269, 273, 274, 275, 278, 279, 280, 282, 283, 284, 285, 287, 301, 302, 304, 305, 308, 309, 310, 315, 317, 325, 326], "excluded_lines": [], "functions": {"in_notebook": {"executed_lines": [98, 99, 101, 102], "summary": {"covered_lines": 4, "num_statements": 6, "percent_covered": 66.66666666666667, "percent_covered_display": "66.67", "missing_lines": 2, "excluded_lines": 0, "percent_statements_covered": 66.66666666666667, "percent_statements_covered_display": "66.67"}, "missing_lines": [103, 104], "excluded_lines": [], "start_line": 93}, "in_console": {"executed_lines": [112], "summary": {"covered_lines": 1, "num_statements": 1, "percent_covered": 100.0, "percent_covered_display": "100.00", "missing_lines": 0, "excluded_lines": 0, "percent_statements_covered": 100.0, "percent_statements_covered_display": "100.00"}, "missing_lines": [], "excluded_lines": [], "start_line": 107}, "format_dict": {"executed_lines": [124, 125, 127, 128, 129, 131, 132, 133, 135, 136, 137, 138, 139, 141, 142, 143, 144, 147, 148, 149, 151, 153, 154, 155, 156, 159], "summary": {"covered_lines": 26, "num_statements": 26, "percent_covered": 100.0, "percent_covered_display": "100.00", "missing_lines": 0, "excluded_lines": 0, "percent_statements_covered": 100.0, "percent_statements_covered_display": "100.00"}, "missing_lines": [], "excluded_lines": [], "start_line": 115}, "as_readable": {"executed_lines": [202, 213, 255, 256, 257, 258, 261, 262, 265, 272, 329], "summary": {"covered_lines": 11, "num_statements": 32, "percent_covered": 34.375, "percent_covered_display": "34.38", "missing_lines": 21, "excluded_lines": 0, "percent_statements_covered": 34.375, "percent_statements_covered_display": "34.38"}, "missing_lines": [266, 268, 269, 273, 274, 275, 278, 279, 280, 282, 301, 302, 304, 305, 308, 309, 310, 315, 317, 325, 326], "excluded_lines": [], "start_line": 162}, "as_readable.to_dict_safe": {"executed_lines": [204, 211], "summary": {"covered_lines": 2, "num_statements": 2, "percent_covered": 100.0, "percent_covered_display": "100.00", "missing_lines": 0, "excluded_lines": 0, "percent_statements_covered": 100.0, "percent_statements_covered_display": "100.00"}, "missing_lines": [], "excluded_lines": [], "start_line": 202}, "as_readable._inner": {"executed_lines": [214, 215, 216, 218, 221, 223, 224, 226, 229, 230, 231, 233, 236, 238, 244, 247, 248, 249, 251, 253], "summary": {"covered_lines": 20, "num_statements": 22, "percent_covered": 90.9090909090909, "percent_covered_display": "90.91", "missing_lines": 2, "excluded_lines": 0, "percent_statements_covered": 90.9090909090909, "percent_statements_covered_display": "90.91"}, "missing_lines": [239, 241], "excluded_lines": [], "start_line": 213}, "as_readable._out": {"executed_lines": [], "summary": {"covered_lines": 0, "num_statements": 4, "percent_covered": 0.0, "percent_covered_display": "0.00", "missing_lines": 4, "excluded_lines": 0, "percent_statements_covered": 0.0, "percent_statements_covered_display": "0.00"}, "missing_lines": [283, 284, 285, 287], "excluded_lines": [], "start_line": 282}, "": {"executed_lines": [4, 5, 6, 8, 11, 12, 13, 14, 15, 16, 17, 18, 19, 20, 21, 23, 55, 86, 93, 107, 115, 162], "summary": {"covered_lines": 22, "num_statements": 26, "percent_covered": 84.61538461538461, "percent_covered_display": "84.62", "missing_lines": 4, "excluded_lines": 0, "percent_statements_covered": 84.61538461538461, "percent_statements_covered_display": "84.62"}, "missing_lines": [87, 88, 89, 90], "excluded_lines": [], "start_line": 1}}, "classes": {"": {"executed_lines": [4, 5, 6, 8, 11, 12, 13, 14, 15, 16, 17, 18, 19, 20, 21, 23, 55, 86, 93, 98, 99, 101, 102, 107, 112, 
[...]
9, 111, 112, 113, 114, 115, 116, 117, 118, 119, 120, 121, 128, 129, 130, 131, 132, 133, 134, 135, 136, 142, 143, 144, 145, 146, 147, 149, 150, 151, 152, 154, 155, 156, 157, 158, 160, 166, 167, 168, 169, 170, 171, 173, 180, 183, 184, 185, 186, 187, 189, 195, 197], "summary": {"covered_lines": 77, "num_statements": 79, "percent_covered": 97.46835443037975, "percent_covered_display": "97.47", "missing_lines": 2, "excluded_lines": 1, "percent_statements_covered": 97.46835443037975, "percent_statements_covered_display": "97.47"}, "missing_lines": [92, 174], "excluded_lines": [200], "start_line": 65}, "": {"executed_lines": [4, 6, 7, 9, 11, 12, 14, 20, 21, 22, 23, 24, 27, 28, 41, 48, 56, 65, 66, 67, 69, 199], "summary": {"covered_lines": 22, "num_statements": 22, "percent_covered": 100.0, "percent_covered_display": "100.00", "missing_lines": 0, "excluded_lines": 2, "percent_statements_covered": 100.0, "percent_statements_covered_display": "100.00"}, "missing_lines": [], "excluded_lines": [16, 17], "start_line": 1}}}, "lionagi/tools/file/__init__.py": {"executed_lines": [4, 5, 7], "summary": {"covered_lines": 3, "num_statements": 3, "percent_covered": 100.0, "percent_covered_display": "100.00", "missing_lines": 0, "excluded_lines": 0, "percent_statements_covered": 100.0, "percent_statements_covered_display": "100.00"}, "missing_lines": [], "excluded_lines": [], "functions": {"": {"executed_lines": [4, 5, 7], "summary": {"covered_lines": 3, "num_statements": 3, "percent_covered": 100.0, "percent_covered_display": "100.00", "missing_lines": 0, "excluded_lines": 0, "percent_statements_covered": 100.0, "percent_statements_covered_display": "100.00"}, "missing_lines": [], "excluded_lines": [], "start_line": 1}}, "classes": {"": {"executed_lines": [4, 5, 7], "summary": {"covered_lines": 3, "num_statements": 3, "percent_covered": 100.0, "percent_covered_display": "100.00", "missing_lines": 0, "excluded_lines": 0, "percent_statements_covered": 100.0, "percent_statements_covered_display": "100.00"}, "missing_lines": [], "excluded_lines": [], "start_line": 1}}}, "lionagi/tools/file/editor.py": {"executed_lines": [4, 6, 7, 8, 10, 12, 13, 15, 23, 25, 26, 28, 29, 30, 31, 32, 33, 34, 35, 36, 37, 40, 42, 43, 45, 46, 47, 50, 52, 53, 54, 55, 56, 57, 60, 61, 62, 65, 66, 76, 80, 86, 93, 100, 109, 110, 114, 121, 127, 129, 130, 131, 132, 133, 134, 135, 138, 141, 149, 150, 151, 152, 153, 154, 156, 157, 161, 162, 163, 167, 168, 176, 178, 180, 184, 185, 188, 189, 190, 192, 198, 199, 200, 202, 203, 205, 207, 208, 209, 210, 211, 212, 215, 218, 219, 220, 223, 224, 227, 237, 238, 240, 251, 253, 256, 260], "summary": {"covered_lines": 106, "num_statements": 116, "percent_covered": 91.37931034482759, "percent_covered_display": "91.38", "missing_lines": 10, "excluded_lines": 1, "percent_statements_covered": 91.37931034482759, "percent_statements_covered_display": "91.38"}, "missing_lines": [44, 136, 137, 158, 159, 181, 182, 186, 235, 254], "excluded_lines": [18], "functions": {"_resolve_workspace_path": {"executed_lines": [25, 26, 28, 29, 30, 31, 32, 33, 34, 35, 36, 37], "summary": {"covered_lines": 12, "num_statements": 12, "percent_covered": 100.0, "percent_covered_display": "100.00", "missing_lines": 0, "excluded_lines": 0, "percent_statements_covered": 100.0, "percent_statements_covered_display": "100.00"}, "missing_lines": [], "excluded_lines": [], "start_line": 23}, "_resolve_existing_workspace_file": {"executed_lines": [42, 43, 45, 46, 47], "summary": {"covered_lines": 5, "num_statements": 6, "percent_covered": 83.33333333333333, "percent_covered_display": "83.33", "missing_lines": 1, "excluded_lines": 0, "percent_statements_covered": 83.33333333333333, "percent_statements_covered_display": "83.33"}, "missing_lines": [44], "excluded_lines": [], "start_line": 40}, "_write_text_no_follow": {"executed_lines": [52, 53, 54, 55, 56, 57], "summary": {"covered_lines": 6, "num_statements": 6, "percent_covered": 100.0, "percent_covered_display": "100.00", "missing_lines": 0, "excluded_lines": 0, "percent_statements_covered": 100.0, "percent_statements_covered_display": "100.00"}, "missing_lines": [], "excluded_lines": [], "start_line": 50}, "_write_sync": {"executed_lines": [129, 130, 131, 132, 133, 134, 135, 138], "summary": {"covered_lines": 8, "num_statements": 10, "percent_covered": 80.0, "percent_covered_display": "80.00", "missing_lines": 2, "excluded_lines": 0, "percent_statements_covered": 80.0, "percent_statements_covered_display": "80.00"}, "missing_lines": [136, 137], "excluded_lines": [], "start_line": 127}, "_edit_sync": {"executed_lines": [149, 150, 151, 152, 153, 154, 156, 157, 161, 162, 163, 167, 168, 176, 178, 180, 184, 185, 188, 189, 190, 192], "summary": {"covered_lines": 22, "num_statements": 27, "percent_covered": 81.48148148148148, "percent_covered_display": "81.48", "missing_lines": 5, "excluded_lines": 0, "percent_statements_covered": 81.48148148148148, "percent_statements_covered_display": "81.48"}, "missing_lines": [158, 159, 181, 182, 186], "excluded_lines": [], "start_line": 141}, "EditorTool.__init__": {"executed_lines": [203, 205], "summary": {"covered_lines": 2, "num_statements": 2, "percent_covered": 100.0, "percent_covered_display": "100.00", "missing_lines": 0, "excluded_lines": 0, "percent_statements_covered": 100.0, "percent_statements_covered_display": "100.00"}, "missing_lines": [], "excluded_lines": [], "start_line": 202}, "EditorTool.handle_request": {"executed_lines": [208, 209, 210, 211, 212, 215, 218, 219, 220, 223, 224, 227], "summary": {"covered_lines": 12, "num_statements": 13, "percent_covered": 92.3076923076923, "percent_covered_display": "92.31", "missing_lines": 1, "excluded_lines": 0, "percent_statements_covered": 92.3076923076923, "percent_statements_covered_display": "92.31"}, "missing_lines": [235], "excluded_lines": [], "start_line": 207}, "EditorTool.to_tool": {"executed_lines": [238, 240, 253, 256, 260], "summary": {"covered_lines": 5, "num_statements": 6, "percent_covered": 83.33333333333333, "percent_covered_display": "83.33", "missing_lines": 1, "excluded_lines": 0, "percent_statements_covered": 83.33333333333333, "percent_statements_covered_display": "83.33"}, "missing_lines": [254], "excluded_lines": [], "start_line": 237}, "EditorTool.to_tool.editor_tool": {"executed_lines": [251], "summary": {"covered_lines": 1, "num_statements": 1, "percent_covered": 100.0, "percent_covered_display": "100.00", "missing_lines": 0, "excluded_lines": 0, "percent_statements_covered": 100.0, "percent_statements_covered_display": "100.00"}, "missing_lines": [], "excluded_lines": [], "start_line": 240}, "": {"executed_lines": [4, 6, 7, 8, 10, 12, 13, 15, 23, 40, 50, 60, 61, 62, 65, 66, 76, 80, 86, 93, 100, 109, 110, 114, 121, 127, 141, 198, 199, 200, 202, 207, 237], "summary": {"covered_lines": 33, "num_statements": 33, "percent_covered": 100.0, "percent_covered_display": "100.00", "missing_lines": 0, "excluded_lines": 1, "percent_statements_covered": 100.0, "percent_statements_covered_display": "100.00"}, "missing_lines": [], "excluded_lines": [18], "start_line": 1}}, "classes": {"EditorAction": {"executed_lines": [], "summary": {"covered_lines": 0, "num_statements": 0, "percent_covered": 100.0, "percent_covered_display": "100.00", "missing_lines": 0, "excluded_lines": 0, "percent_statements_covered": 100.0, "percent_statements_covered_display": "100.00"}, "missing_lines": [], "excluded_lines": [], "start_line": 60}, "EditorRequest": {"executed_lines": [], "summary": {"covered_lines": 0, "num_statements": 0, "percent_covered": 100.0, "percent_covered_display": "100.00", "missing_lines": 0, "excluded_lines": 0, "percent_statements_covered": 100.0, "percent_statements_covered_display": "100.00"}, "missing_lines": [], "excluded_lines": [], "start_line": 65}, "EditorResponse": {"executed_lines": [], "summary": {"covered_lines": 0, "num_statements": 0, "percent_covered": 100.0, "percent_covered_display": "100.00", "missing_lines": 0, "excluded_lines": 0, "percent_statements_covered": 100.0, "percent_statements_covered_display": "100.00"}, "missing_lines": [], "excluded_lines": [], "start_line": 109}, "EditorTool": {"executed_lines": [203, 205, 208, 209, 210, 211, 212, 215, 218, 219, 220, 223, 224, 227, 238, 240, 251, 253, 256, 260], "summary": {"covered_lines": 20, "num_statements": 22, "percent_covered": 90.9090909090909, "percent_covered_display": "90.91", "missing_lines": 2, "excluded_lines": 0, "percent_statements_covered": 90.9090909090909, "percent_statements_covered_display": "90.91"}, "missing_lines": [235, 254], "excluded_lines": [], "start_line": 198}, "": {"executed_lines": [4, 6, 7, 8, 10, 12, 13, 15, 23, 25, 26, 28, 29, 30, 31, 32, 33, 34, 35, 36, 37, 40, 42, 43, 45, 46, 47, 50, 52, 53, 54, 55, 56, 57, 60, 61, 62, 65, 66, 76, 80, 86, 93, 100, 109, 110, 114, 121, 127, 129, 130, 131, 132, 133, 134, 135, 138, 141, 149, 150, 151, 152, 153, 154, 156, 157, 161, 162, 163, 167, 168, 176, 178, 180, 184, 185, 188, 189, 190, 192, 198, 199, 200, 202, 207, 237], "summary": {"covered_lines": 86, "num_statements": 94, "percent_covered": 91.48936170212765, "percent_covered_display": "91.49", "missing_lines": 8, "excluded_lines": 1, "percent_statements_covered": 91.48936170212765, "percent_statements_covered_display": "91.49"}, "missing_lines": [44, 136, 137, 158, 159, 181, 182, 186], "excluded_lines": [18], "start_line": 1}}}, "lionagi/tools/sandbox.py": {"executed_lines": [16, 18, 19, 20, 21, 23, 26, 27, 28, 29, 30, 31, 32, 35, 36, 43, 46, 50, 51, 52, 54, 58, 59, 61, 69, 71, 73, 75, 76, 78, 79, 81, 90, 92, 93, 95, 96, 97, 98, 101, 102, 105, 107, 111, 115, 122, 124, 125, 129, 139, 142, 143, 146, 152, 153, 154, 156, 157, 160, 162, 165, 167, 170, 172, 175, 177], "summary": {"covered_lines": 66, "num_statements": 68, "percent_covered": 97.05882352941177, "percent_covered_display": "97.06", "missing_lines": 2, "excluded_lines": 0, "percent_statements_covered": 97.05882352941177, "percent_statements_covered_display": "97.06"}, "missing_lines": [99, 140], "excluded_lines": [], "functions": {"_run_git": {"executed_lines": [36, 43], "summary": {"covered_lines": 2, "num_statements": 2, "percent_covered": 100.0, "percent_covered_display": "100.00", "missing_lines": 0, "excluded_lines": 0, "percent_statements_covered": 100.0, "percent_statements_covered_display": "100.00"}, "missing_lines": [], "excluded_lines": [], "start_line": 35}, "_create_worktree_sync": {"executed_lines": [50, 51, 52, 54, 58, 59, 61], "summary": {"covered_lines": 7, "num_statements": 7, "percent_covered": 100.0, "percent_covered_display": "100.00", "missing_lines": 0, "excluded_lines": 0, "percent_statements_covered": 100.0, "percent_statements_covered_display": "100.00"}, "missing_lines": [], "excluded_lines": [], "start_line": 46}, "_get_diff_sync": {"executed_lines": [71, 73, 75, 76, 78, 79, 81], "summary": {"covered_lines": 7, "num_statements": 7, "percent_covered": 100.0, "percent_covered_display": "100.00", "missing_lines": 0, "excluded_lines": 0, "percent_statements_covered": 100.0, "percent_statements_covered_display": "100.00"}, "missing_lines": [], "excluded_lines": [], "start_line": 69}, "_commit_sync": {"executed_lines": [92, 93, 95, 96, 97, 98, 101, 102], "summary": {"covered_lines": 8, "num_statements": 9, "percent_covered": 88.88888888888889, "percent_covered_display": "88.89", "missing_lines": 1, "excluded_lines": 0, "percent_statements_covered": 88.88888888888889, "percent_statements_covered_display": "88.89"}, "missing_lines": [99], "excluded_lines": [], "start_line": 90}, "_cleanup_worktree_sync": {"executed_lines": [107, 111, 115], "summary": {"covered_lines": 3, "num_statements": 3, "percent_covered": 100.0, "percent_covered_display": "100.00", "missing_lines": 0, "excluded_lines": 0, "percent_statements_covered": 100.0, "percent_statements_covered_display": "100.00"}, "missing_lines": [], "excluded_lines": [], "start_line": 105}, "_merge_sync": {"executed_lines": [124, 125, 129, 139, 142, 143], "summary": {"covered_lines": 6, "num_statements": 7, "percent_covered": 85.71428571428571, "percent_covered_display": "85.71", "missing_lines": 1, "excluded_lines": 0, "percent_statements_covered": 85.71428571428571, "percent_statements_covered_display": "85.71"}, "missing_lines": [140], "excluded_lines": [], "start_line": 122}, "create_sandbox": {"executed_lines": [152, 153, 154, 156, 157], "summary": {"covered_lines": 5, "num_statements": 5, "percent_covered": 100.0, "percent_covered_display": "100.00", "missing_lines": 0, "excluded_lines": 0, "percent_statements_covered": 100.0, "percent_statements_covered_display": "100.00"}, "missing_lines": [], "excluded_lines": [], "start_line": 146}, "sandbox_diff": {"executed_lines": [162], "summary": {"covered_lines": 1, "num_statements": 1, "percent_covered": 100.0, "percent_covered_display": "100.00", "missing_lines": 0, "excluded_lines": 0, "percent_statements_covered": 100.0, "percent_statements_covered_display": "100.00"}, "missing_lines": [], "excluded_lines": [], "start_line": 160}, "sandbox_commit": {"executed_lines": [167], "summary": {"covered_lines": 1, "num_statements": 1, "percent_covered": 100.0, "percent_covered_display": "100.00", "missing_lines": 0, "excluded_lines": 0, "percent_statements_covered": 100.0, "percent_statements_covered_display": "100.00"}, "missing_lines": [], "excluded_lines": [], "start_line": 165}, "sandbox_merge": {"executed_lines": [172], "summary": {"covered_lines": 1, "num_statements": 1, "percent_covered": 100.0, "percent_covered_display": "100.00", "missing_lines": 0, "excluded_lines": 0, "percent_statements_covered": 100.0, "percent_statements_covered_display": "100.00"}, "missing_lines": [], "excluded_lines": [], "start_line": 170}, "sandbox_discard": {"executed_lines": [177], "summary": {"covered_lines": 1, "num_statements": 1, "percent_covered": 100.0, "percent_covered_display": "100.00", "missing_lines": 0, "excluded_lines": 0, "percent_statements_covered": 100.0, "percent_statements_covered_display": "100.00"}, "missing_lines": [], "excluded_lines": [], "start_line": 175}, "": {"executed_lines": [16, 18, 19, 20, 21, 23, 26, 27, 28, 29, 30, 31, 32, 35, 46, 69, 90, 105, 122, 146, 160, 165, 170, 175], "summary": {"covered_lines": 24, "num_statements": 24, "percent_covered": 100.0, "percent_covered_display": "100.00", "missing_lines": 0, "excluded_lines": 0, "percent_statements_covered": 100.0, "percent_statements_covered_display": "100.00"}, "missing_lines": [], "excluded_lines": [], "start_line": 1}}, "classes": {"SandboxSession": {"executed_lines": [], "summary": {"covered_lines": 0, "num_statements": 0, "percent_covered": 100.0, "percent_covered_display": "100.00", "missing_lines": 0, "excluded_lines": 0, "percent_statements_covered": 100.0, "percent_statements_covered_display": "100.00"}, "missing_lines": [], "excluded_lines": [], "start_line": 27}, "": {"executed_lines": [16, 18, 19, 20, 21, 23, 26, 27, 28, 29, 30, 31, 32, 35, 36, 43, 46, 50, 51, 52, 54, 58, 59, 61, 69, 71, 73, 75, 76, 78, 79, 81, 90, 92, 93, 95, 96, 97, 98, 101, 102, 105, 107, 111, 115, 122, 124, 125, 129, 139, 142, 143, 146, 152, 153, 154, 156, 157, 160, 162, 165, 167, 170, 172, 175, 177], "summary": {"covered_lines": 66, "num_statements": 68, "percent_covered": 97.05882352941177, "percent_covered_display": "97.06", "missing_lines": 2, "excluded_lines": 0, "percent_statements_covered": 97.05882352941177, "percent_statements_covered_display": "97.06"}, "missing_lines": [99, 140], "excluded_lines": [], "start_line": 1}}}, "lionagi/utils.py": {"executed_lines": [4, 5, 6, 7, 8, 9, 10, 11, 13, 22, 36, 37, 39, 41, 43, 73, 74, 75, 77, 78, 81, 86, 88, 90, 102, 103, 106, 108, 111, 113, 114, 117, 118, 121, 127, 143, 175, 176, 177, 179, 180, 182, 185, 186, 188, 191, 194, 195, 196, 199, 201, 202, 204, 207, 208, 209, 213, 216], "summary": {"covered_lines": 58, "num_statements": 77, "percent_covered": 75.32467532467533, "percent_covered_display": "75.32", "missing_lines": 19, "excluded_lines": 0, "percent_statements_covered": 75.32467532467533, "percent_statements_covered_display": "75.32"}, "missing_lines": [92, 93, 94, 95, 97, 104, 122, 123, 124, 131, 132, 133, 134, 135, 136, 137, 138, 139, 140], "excluded_lines": [], "functions": {"copy": {"executed_lines": [74, 75, 77, 78], "summary": {"covered_lines": 4, "num_statements": 4, "percent_covered": 100.0, "percent_covered_display": "100.00", "missing_lines": 0, "excluded_lines": 0, "percent_statements_covered": 100.0, "percent_statements_covered_display": "100.00"}, "missing_lines": [], "excluded_lines": [], "start_line": 73}, "is_same_dtype": {"executed_lines": [86, 88, 90, 102, 103, 106, 108], "summary": {"covered_lines": 7, "num_statements": 13, "percent_covered": 53.84615384615385, "percent_covered_display": "53.85", "missing_lines": 6, "excluded_lines": 0, "percent_statements_covered": 53.84615384615385, "percent_statements_covered_display": "53.85"}, "missing_lines": [92, 93, 94, 95, 97, 104], "excluded_lines": [], "start_line": 81}, "is_union_type": {"executed_lines": [113, 114], "summary": {"covered_lines": 2, "num_statements": 2, "percent_covered": 100.0, "percent_covered_display": "100.00", "missing_lines": 0, "excluded_lines": 0, "percent_statements_covered": 100.0, "percent_statements_covered_display": "100.00"}, "missing_lines": [], "excluded_lines": [], "start_line": 111}, "_unwrap_annotated": {"executed_lines": [], "summary": {"covered_lines": 0, "num_statements": 3, "percent_covered": 0.0, "percent_covered_display": "0.00", "missing_lines": 3, "excluded_lines": 0, "percent_statements_covered": 0.0, "percent_statements_covered_display": "0.00"}, "missing_lines": [122, 123, 124], "excluded_lines": [], "start_line": 121}, "union_members": {"executed_lines": [], "summary": {"covered_lines": 0, "num_statements": 10, "percent_covered": 0.0, "percent_covered_display": "0.00", "missing_lines": 10, "excluded_lines": 0, "percent_statements_covered": 0.0, "percent_statements_covered_display": "0.00"}, "missing_lines": [131, 132, 133, 134, 135, 136, 137, 138, 139, 140], "excluded_lines": [], "start_line": 127}, "create_path": {"executed_lines": [175, 176, 177, 179, 180, 182, 185, 186, 188, 191, 194, 195, 196, 199, 201, 202, 204, 207, 208, 209, 213], "summary": {"covered_lines": 21, "num_statements": 21, "percent_covered": 100.0, "percent_covered_display": "100.00", "missing_lines": 0, "excluded_lines": 0, "percent_statements_covered": 100.0, "percent_statements_covered_display": "100.00"}, "missing_lines": [], "excluded_lines": [], "start_line": 143}, "": {"executed_lines": [4, 5, 6, 7, 8, 9, 10, 11, 13, 22, 36, 37, 39, 41, 43, 73, 81, 111, 117, 118, 121, 127, 143, 216], "summary": {"covered_lines": 24, "num_statements": 24, "percent_covered": 100.0, "percent_covered_display": "100.00", "missing_lines": 0, "excluded_lines": 0, "percent_statements_covered": 100.0, "percent_statements_covered_display": "100.00"}, "missing_lines": [], "excluded_lines": [], "start_line": 1}}, "classes": {"": {"executed_lines": [4, 5, 6, 7, 8, 9, 10, 11, 13, 22, 36, 37, 39, 41, 43, 73, 74, 75, 77, 78, 81, 86, 88, 90, 102, 103, 106, 108, 111, 113, 114, 117, 118, 121, 127, 143, 175, 176, 177, 179, 180, 182, 185, 186, 188, 191, 194, 195, 196, 199, 201, 202, 204, 207, 208, 209, 213, 216], "summary": {"covered_lines": 58, "num_statements": 77, "percent_covered": 75.32467532467533, "percent_covered_display": "75.32", "missing_lines": 19, "excluded_lines": 0, "percent_statements_covered": 75.32467532467533, "percent_statements_covered_display": "75.32"}, "missing_lines": [92, 93, 94, 95, 97, 104, 122, 123, 124, 131, 132, 133, 134, 135, 136, 137, 138, 139, 140], "excluded_lines": [], "start_line": 1}}}}, "totals": {"covered_lines": 11971, "num_statements": 13092, "percent_covered": 91.43751909563092, "percent_covered_display": "91.44", "missing_lines": 1121, "excluded_lines": 646, "percent_statements_covered": 91.43751909563092, "percent_statements_covered_display": "91.44"}}